Log file open, 03/05/20 10:31:26
LogWindows: Failed to load 'aqProf.dll' (GetLastError=126)
LogWindows: File 'aqProf.dll' does not exist
LogWindows: Failed to load 'VtuneApi.dll' (GetLastError=126)
LogWindows: File 'VtuneApi.dll' does not exist
LogWindows: Failed to load 'VtuneApi32e.dll' (GetLastError=126)
LogWindows: File 'VtuneApi32e.dll' does not exist
LogConsoleResponse: Display: Failed to find resolution value strings in scalability ini. Falling back to default.
LogInit: Display: Running engine for game: SeamRippers
LogPlatformFile: Not using cached read wrapper
LogTaskGraph: Started task graph with 5 named threads and 11 total threads with 3 sets of task threads.
LogStats: Stats thread started at 0.110117
LogD3D11RHI: Loaded GFSDK_Aftermath_Lib.x64.dll
LogICUInternationalization: ICU TimeZone Detection - Raw Offset: +1:00, Platform Override: ''
LogPluginManager: Mounting plugin Paper2D
LogPluginManager: Mounting plugin AISupport
LogPluginManager: Mounting plugin LightPropagationVolume
LogPluginManager: Mounting plugin Composure
LogPluginManager: Mounting plugin LensDistortion
LogPluginManager: Mounting plugin OpenColorIO
LogPluginManager: Mounting plugin ActorLayerUtilities
LogPluginManager: Mounting plugin AnimationSharing
LogPluginManager: Mounting plugin CLionSourceCodeAccess
LogPluginManager: Mounting plugin CodeLiteSourceCodeAccess
LogPluginManager: Mounting plugin GitSourceControl
LogPluginManager: Mounting plugin KDevelopSourceCodeAccess
LogPluginManager: Mounting plugin NullSourceCodeAccess
LogPluginManager: Mounting plugin PerforceSourceControl
LogPluginManager: Mounting plugin SubversionSourceControl
LogPluginManager: Mounting plugin UObjectPlugin
LogPluginManager: Mounting plugin VisualStudioCodeSourceCodeAccess
LogPluginManager: Mounting plugin VisualStudioSourceCodeAccess
LogPluginManager: Mounting plugin XCodeSourceCodeAccess
LogPluginManager: Mounting plugin AssetManagerEditor
LogPluginManager: Mounting plugin BlueprintMaterialTextureNodes
LogPluginManager: Mounting plugin CryptoKeys
LogPluginManager: Mounting plugin CurveEditorTools
LogPluginManager: Mounting plugin DataValidation
LogPluginManager: Mounting plugin FacialAnimation
LogPluginManager: Mounting plugin GameplayTagsEditor
LogPluginManager: Mounting plugin MacGraphicsSwitching
LogPluginManager: Mounting plugin MaterialAnalyzer
LogPluginManager: Mounting plugin MobileLauncherProfileWizard
LogPluginManager: Mounting plugin PluginBrowser
LogPluginManager: Mounting plugin SpeedTreeImporter
LogPluginManager: Mounting plugin DatasmithContent
LogPluginManager: Mounting plugin VariantManagerContent
LogPluginManager: Mounting plugin AlembicImporter
LogPluginManager: Mounting plugin AutomationUtils
LogPluginManager: Mounting plugin BackChannel
LogPluginManager: Mounting plugin CharacterAI
LogPluginManager: Mounting plugin GeometryCache
LogPluginManager: Mounting plugin HTML5Networking
LogPluginManager: Mounting plugin PlatformCrypto
LogPluginManager: Mounting plugin ProxyLODPlugin
LogPluginManager: Mounting plugin SkeletalReduction
LogPluginManager: Mounting plugin MagicLeap
LogPluginManager: Mounting plugin MagicLeapMedia
LogPluginManager: Mounting plugin AndroidMedia
LogPluginManager: Mounting plugin AvfMedia
LogPluginManager: Mounting plugin ImgMedia
LogPluginManager: Mounting plugin MediaCompositing
LogPluginManager: Mounting plugin MediaIOFramework
LogPluginManager: Mounting plugin MediaPlayerEditor
LogPluginManager: Mounting plugin WebMMedia
LogPluginManager: Mounting plugin WmfMedia
LogPluginManager: Mounting plugin TcpMessaging
LogPluginManager: Mounting plugin UdpMessaging
LogPluginManager: Mounting plugin ActorSequence
LogPluginManager: Mounting plugin LevelSequenceEditor
LogPluginManager: Mounting plugin MatineeToLevelSequence
LogPluginManager: Mounting plugin NetcodeUnitTest
LogPluginManager: Mounting plugin NUTUnrealEngine4
LogPluginManager: Mounting plugin OnlineSubsystemGooglePlay
LogPluginManager: Mounting plugin OnlineSubsystemIOS
LogPluginManager: Mounting plugin OnlineSubsystem
LogPluginManager: Mounting plugin OnlineSubsystemNull
LogPluginManager: Mounting plugin OnlineSubsystemUtils
LogPluginManager: Mounting plugin LauncherChunkInstaller
LogPluginManager: Mounting plugin AndroidDeviceProfileSelector
LogPluginManager: Mounting plugin AndroidMoviePlayer
LogPluginManager: Mounting plugin AndroidPermission
LogPluginManager: Mounting plugin AppleImageUtils
LogPluginManager: Mounting plugin AppleMoviePlayer
LogPluginManager: Mounting plugin ArchVisCharacter
LogPluginManager: Mounting plugin AudioCapture
LogPluginManager: Mounting plugin CableComponent
LogPluginManager: Mounting plugin CustomMeshComponent
LogPluginManager: Mounting plugin EditableMesh
LogPluginManager: Mounting plugin ExampleDeviceProfileSelector
LogPluginManager: Mounting plugin GoogleCloudMessaging
LogPluginManager: Mounting plugin IOSDeviceProfileSelector
LogPluginManager: Mounting plugin LinuxDeviceProfileSelector
LogPluginManager: Mounting plugin LocationServicesBPLibrary
LogPluginManager: Mounting plugin MobilePatchingUtils
LogPluginManager: Mounting plugin OculusVR
LogPluginManager: Mounting plugin PhysXVehicles
LogPluginManager: Mounting plugin ProceduralMeshComponent
LogPluginManager: Mounting plugin RuntimePhysXCooking
LogPluginManager: Mounting plugin SignificanceManager
LogPluginManager: Mounting plugin SteamVR
LogPluginManager: Mounting plugin WebMMoviePlayer
LogPluginManager: Mounting plugin WindowsMoviePlayer
LogPluginManager: Mounting plugin ScreenshotTools
LogInit: Using libcurl 7.55.1-DEV
LogInit:  - built for x86_64-pc-win32
LogInit:  - supports SSL with OpenSSL/1.1.1
LogInit:  - supports HTTP deflate (compression) using libz 1.2.8
LogInit:  - other features:
LogInit:      CURL_VERSION_SSL
LogInit:      CURL_VERSION_LIBZ
LogInit:      CURL_VERSION_IPV6
LogInit:      CURL_VERSION_ASYNCHDNS
LogInit:      CURL_VERSION_LARGEFILE
LogInit:      CURL_VERSION_IDN
LogInit:  CurlRequestOptions (configurable via config and command line):
LogInit:  - bVerifyPeer = true  - Libcurl will verify peer certificate
LogInit:  - bUseHttpProxy = false  - Libcurl will NOT use HTTP proxy
LogInit:  - bDontReuseConnections = false  - Libcurl will reuse connections
LogInit:  - MaxHostConnections = 16  - Libcurl will limit the number of connections to a host
LogInit:  - LocalHostAddr = Default
LogInit:  - BufferSize = 65536
LogOnline: OSS: Creating online subsystem instance for: NULL
LogInit: WinSock: version 1.1 (2.2), MaxSocks=32767, MaxUdp=65467
LogInit: Build: ++UE4+Release-4.23-CL-9631420
LogInit: Engine Version: 4.23.1-9631420+++UE4+Release-4.23
LogInit: Compatible Engine Version: 4.23.0-8386587+++UE4+Release-4.23
LogInit: Net CL: 8386587
LogInit: OS: Windows 10 (Release 1903) (), CPU: Intel(R) Core(TM) i7-4510U CPU @ 2.00GHz, GPU: Intel(R) HD Graphics Family
LogInit: Compiled (64-bit): Oct 18 2019 02:07:44
LogInit: Compiled with Visual C++: 19.16.27030.01
LogInit: Build Configuration: Development
LogInit: Branch Name: ++UE4+Release-4.23
LogInit: Command Line:  -EpicPortal -epicusername=Vasmaster -epicuserid=bd41f592025d4be58f49254a4520742f -epiclocale=en
LogInit: Base Directory: E:/Programs/Unreal Engine/UE_4.23/Engine/Binaries/Win64/
LogInit: Installed Engine Build: 1
LogDevObjectVersion: Number of dev versions registered: 23
LogDevObjectVersion:   Dev-Blueprints (B0D832E4-1F89-4F0D-ACCF-7EB736FD4AA2): 10
LogDevObjectVersion:   Dev-Build (E1C64328-A22C-4D53-A36C-8E866417BD8C): 0
LogDevObjectVersion:   Dev-Core (375EC13C-06E4-48FB-B500-84F0262A717E): 3
LogDevObjectVersion:   Dev-Editor (E4B068ED-F494-42E9-A231-DA0B2E46BB41): 34
LogDevObjectVersion:   Dev-Framework (CFFC743F-43B0-4480-9391-14DF171D2073): 35
LogDevObjectVersion:   Dev-Mobile (B02B49B5-BB20-44E9-A304-32B752E40360): 2
LogDevObjectVersion:   Dev-Networking (A4E4105C-59A1-49B5-A7C5-40C4547EDFEE): 0
LogDevObjectVersion:   Dev-Online (39C831C9-5AE6-47DC-9A44-9C173E1C8E7C): 0
LogDevObjectVersion:   Dev-Physics (78F01B33-EBEA-4F98-B9B4-84EACCB95AA2): 0
LogDevObjectVersion:   Dev-Platform (6631380F-2D4D-43E0-8009-CF276956A95A): 0
LogDevObjectVersion:   Dev-Rendering (12F88B9F-8875-4AFC-A67C-D90C383ABD29): 31
LogDevObjectVersion:   Dev-Sequencer (7B5AE74C-D270-4C10-A958-57980B212A5A): 11
LogDevObjectVersion:   Dev-VR (D7296918-1DD6-4BDD-9DE2-64A83CC13884): 2
LogDevObjectVersion:   Dev-LoadTimes (C2A15278-BFE7-4AFE-6C17-90FF531DF755): 1
LogDevObjectVersion:   Private-Geometry (6EACA3D4-40EC-4CC1-B786-8BED09428FC5): 3
LogDevObjectVersion:   Dev-AnimPhys (29E575DD-E0A3-4627-9D10-D276232CDCEA): 17
LogDevObjectVersion:   Dev-Anim (AF43A65D-7FD3-4947-9873-3E8ED9C1BB05): 2
LogDevObjectVersion:   Dev-ReflectionCapture (6B266CEC-1EC7-4B8F-A30B-E4D90942FC07): 1
LogDevObjectVersion:   Dev-Automation (0DF73D61-A23F-47EA-B727-89E90C41499A): 1
LogDevObjectVersion:   FortniteMain (601D1886-AC64-4F84-AA16-D3DE0DEAC7D6): 27
LogDevObjectVersion:   Dev-Enterprise (9DFFBCD6-494F-0158-E221-12823C92A888): 6
LogDevObjectVersion:   Dev-Niagara (F2AED0AC-9AFE-416F-8664-AA7FFA26D6FC): 1
LogDevObjectVersion:   Dev-Destruction (174F1F0B-B4C6-45A5-B13F-2EE8D0FB917D): 9
LogInit: Presizing for max 16777216 objects, including 0 objects not considered by GC, pre-allocating 0 bytes for permanent pool.
LogInit: Object subsystem initialized
LogConfig: Setting CVar [[con.DebugEarlyDefault:1]]
LogConfig: Setting CVar [[r.setres:1280x720]]
[2020.03.05-09.31.27:781][  0]LogConfig: Setting CVar [[r.VSync:0]]
[2020.03.05-09.31.27:781][  0]LogConfig: Setting CVar [[r.RHICmdBypass:0]]
[2020.03.05-09.31.27:781][  0]LogConfig: Applying CVar settings from Section [/Script/Engine.RendererSettings] File [E:/saxion/SSS - SMART SOLUTIONS/Interactive Atelier/SeamRippers/Saved/Config/Windows/Engine.ini]
[2020.03.05-09.31.27:781][  0]LogConfig: Setting CVar [[r.GPUCrashDebugging:0]]
[2020.03.05-09.31.27:781][  0]LogConfig: Applying CVar settings from Section [/Script/Engine.RendererOverrideSettings] File [E:/saxion/SSS - SMART SOLUTIONS/Interactive Atelier/SeamRippers/Saved/Config/Windows/Engine.ini]
[2020.03.05-09.31.27:781][  0]LogConfig: Applying CVar settings from Section [/Script/Engine.StreamingSettings] File [E:/saxion/SSS - SMART SOLUTIONS/Interactive Atelier/SeamRippers/Saved/Config/Windows/Engine.ini]
[2020.03.05-09.31.27:781][  0]LogConfig: Setting CVar [[s.MinBulkDataSizeForAsyncLoading:131072]]
[2020.03.05-09.31.27:781][  0]LogConfig: Setting CVar [[s.AsyncLoadingThreadEnabled:0]]
[2020.03.05-09.31.27:781][  0]LogConfig: Setting CVar [[s.EventDrivenLoaderEnabled:1]]
[2020.03.05-09.31.27:781][  0]LogConfig: Setting CVar [[s.WarnIfTimeLimitExceeded:0]]
[2020.03.05-09.31.27:781][  0]LogConfig: Setting CVar [[s.TimeLimitExceededMultiplier:1.5]]
[2020.03.05-09.31.27:781][  0]LogConfig: Setting CVar [[s.TimeLimitExceededMinTime:0.005]]
[2020.03.05-09.31.27:781][  0]LogConfig: Setting CVar [[s.UseBackgroundLevelStreaming:1]]
[2020.03.05-09.31.27:781][  0]LogConfig: Setting CVar [[s.PriorityAsyncLoadingExtraTime:15.0]]
[2020.03.05-09.31.27:781][  0]LogConfig: Setting CVar [[s.LevelStreamingActorsUpdateTimeLimit:5.0]]
[2020.03.05-09.31.27:781][  0]LogConfig: Setting CVar [[s.PriorityLevelStreamingActorsUpdateExtraTime:5.0]]
[2020.03.05-09.31.27:781][  0]LogConfig: Setting CVar [[s.LevelStreamingComponentsRegistrationGranularity:10]]
[2020.03.05-09.31.27:781][  0]LogConfig: Setting CVar [[s.UnregisterComponentsTimeLimit:1.0]]
[2020.03.05-09.31.27:781][  0]LogConfig: Setting CVar [[s.LevelStreamingComponentsUnregistrationGranularity:5]]
[2020.03.05-09.31.27:781][  0]LogConfig: Applying CVar settings from Section [/Script/Engine.GarbageCollectionSettings] File [E:/saxion/SSS - SMART SOLUTIONS/Interactive Atelier/SeamRippers/Saved/Config/Windows/Engine.ini]
[2020.03.05-09.31.27:781][  0]LogConfig: Setting CVar [[gc.MaxObjectsNotConsideredByGC:1]]
[2020.03.05-09.31.27:781][  0]LogConfig: Setting CVar [[gc.SizeOfPermanentObjectPool:0]]
[2020.03.05-09.31.27:781][  0]LogConfig: Setting CVar [[gc.FlushStreamingOnGC:0]]
[2020.03.05-09.31.27:781][  0]LogConfig: Setting CVar [[gc.NumRetriesBeforeForcingGC:10]]
[2020.03.05-09.31.27:781][  0]LogConfig: Setting CVar [[gc.AllowParallelGC:1]]
[2020.03.05-09.31.27:781][  0]LogConfig: Setting CVar [[gc.TimeBetweenPurgingPendingKillObjects:61.1]]
[2020.03.05-09.31.27:781][  0]LogConfig: Setting CVar [[gc.MaxObjectsInEditor:16777216]]
[2020.03.05-09.31.27:781][  0]LogConfig: Setting CVar [[gc.IncrementalBeginDestroyEnabled:1]]
[2020.03.05-09.31.27:781][  0]LogConfig: Setting CVar [[gc.CreateGCClusters:1]]
[2020.03.05-09.31.27:781][  0]LogConfig: Setting CVar [[gc.MinGCClusterSize:5]]
[2020.03.05-09.31.27:781][  0]LogConfig: Setting CVar [[gc.ActorClusteringEnabled:0]]
[2020.03.05-09.31.27:781][  0]LogConfig: Setting CVar [[gc.BlueprintClusteringEnabled:0]]
[2020.03.05-09.31.27:781][  0]LogConfig: Setting CVar [[gc.UseDisregardForGCOnDedicatedServers:0]]
[2020.03.05-09.31.27:781][  0]LogConfig: Applying CVar settings from Section [/Script/Engine.NetworkSettings] File [E:/saxion/SSS - SMART SOLUTIONS/Interactive Atelier/SeamRippers/Saved/Config/Windows/Engine.ini]
[2020.03.05-09.31.27:781][  0]LogConfig: Applying CVar settings from Section [/Script/UnrealEd.CookerSettings] File [E:/saxion/SSS - SMART SOLUTIONS/Interactive Atelier/SeamRippers/Saved/Config/Windows/Engine.ini]
[2020.03.05-09.31.27:789][  0]LogConfig: Applying CVar settings from Section [ViewDistanceQuality@3] File [E:/saxion/SSS - SMART SOLUTIONS/Interactive Atelier/SeamRippers/Saved/Config/Windows/Scalability.ini]
[2020.03.05-09.31.27:789][  0]LogConfig: Setting CVar [[r.SkeletalMeshLODBias:0]]
[2020.03.05-09.31.27:789][  0]LogConfig: Setting CVar [[r.ViewDistanceScale:1.0]]
[2020.03.05-09.31.27:789][  0]LogConfig: Applying CVar settings from Section [AntiAliasingQuality@3] File [E:/saxion/SSS - SMART SOLUTIONS/Interactive Atelier/SeamRippers/Saved/Config/Windows/Scalability.ini]
[2020.03.05-09.31.27:789][  0]LogConfig: Setting CVar [[r.PostProcessAAQuality:4]]
[2020.03.05-09.31.27:789][  0]LogConfig: Applying CVar settings from Section [ShadowQuality@3] File [E:/saxion/SSS - SMART SOLUTIONS/Interactive Atelier/SeamRippers/Saved/Config/Windows/Scalability.ini]
[2020.03.05-09.31.27:789][  0]LogConfig: Setting CVar [[r.LightFunctionQuality:1]]
[2020.03.05-09.31.27:789][  0]LogConfig: Setting CVar [[r.ShadowQuality:5]]
[2020.03.05-09.31.27:789][  0]LogConfig: Setting CVar [[r.Shadow.CSM.MaxCascades:10]]
[2020.03.05-09.31.27:789][  0]LogConfig: Setting CVar [[r.Shadow.MaxResolution:2048]]
[2020.03.05-09.31.27:789][  0]LogConfig: Setting CVar [[r.Shadow.MaxCSMResolution:2048]]
[2020.03.05-09.31.27:789][  0]LogConfig: Setting CVar [[r.Shadow.RadiusThreshold:0.01]]
[2020.03.05-09.31.27:789][  0]LogConfig: Setting CVar [[r.Shadow.DistanceScale:1.0]]
[2020.03.05-09.31.27:789][  0]LogConfig: Setting CVar [[r.Shadow.CSM.TransitionScale:1.0]]
[2020.03.05-09.31.27:789][  0]LogConfig: Setting CVar [[r.Shadow.PreShadowResolutionFactor:1.0]]
[2020.03.05-09.31.27:789][  0]LogConfig: Setting CVar [[r.DistanceFieldShadowing:1]]
[2020.03.05-09.31.27:789][  0]LogConfig: Setting CVar [[r.DistanceFieldAO:1]]
[2020.03.05-09.31.27:790][  0]LogConfig: Setting CVar [[r.AOQuality:2]]
[2020.03.05-09.31.27:790][  0]LogConfig: Setting CVar [[r.VolumetricFog:1]]
[2020.03.05-09.31.27:790][  0]LogConfig: Setting CVar [[r.VolumetricFog.GridPixelSize:8]]
[2020.03.05-09.31.27:790][  0]LogConfig: Setting CVar [[r.VolumetricFog.GridSizeZ:128]]
[2020.03.05-09.31.27:790][  0]LogConfig: Setting CVar [[r.VolumetricFog.HistoryMissSupersampleCount:4]]
[2020.03.05-09.31.27:790][  0]LogConfig: Setting CVar [[r.LightMaxDrawDistanceScale:1]]
[2020.03.05-09.31.27:790][  0]LogConfig: Setting CVar [[r.CapsuleShadows:1]]
[2020.03.05-09.31.27:790][  0]LogConfig: Applying CVar settings from Section [PostProcessQuality@3] File [E:/saxion/SSS - SMART SOLUTIONS/Interactive Atelier/SeamRippers/Saved/Config/Windows/Scalability.ini]
[2020.03.05-09.31.27:790][  0]LogConfig: Setting CVar [[r.MotionBlurQuality:4]]
[2020.03.05-09.31.27:790][  0]LogConfig: Setting CVar [[r.AmbientOcclusionMipLevelFactor:0.4]]
[2020.03.05-09.31.27:790][  0]LogConfig: Setting CVar [[r.AmbientOcclusionMaxQuality:100]]
[2020.03.05-09.31.27:790][  0]LogConfig: Setting CVar [[r.AmbientOcclusionLevels:-1]]
[2020.03.05-09.31.27:790][  0]LogConfig: Setting CVar [[r.AmbientOcclusionRadiusScale:1.0]]
[2020.03.05-09.31.27:790][  0]LogConfig: Setting CVar [[r.DepthOfFieldQuality:2]]
[2020.03.05-09.31.27:790][  0]LogConfig: Setting CVar [[r.RenderTargetPoolMin:400]]
[2020.03.05-09.31.27:790][  0]LogConfig: Setting CVar [[r.LensFlareQuality:2]]
[2020.03.05-09.31.27:790][  0]LogConfig: Setting CVar [[r.SceneColorFringeQuality:1]]
[2020.03.05-09.31.27:790][  0]LogConfig: Setting CVar [[r.EyeAdaptationQuality:2]]
[2020.03.05-09.31.27:790][  0]LogConfig: Setting CVar [[r.BloomQuality:5]]
[2020.03.05-09.31.27:791][  0]LogConfig: Setting CVar [[r.FastBlurThreshold:100]]
[2020.03.05-09.31.27:791][  0]LogConfig: Setting CVar [[r.Upscale.Quality:3]]
[2020.03.05-09.31.27:791][  0]LogConfig: Setting CVar [[r.Tonemapper.GrainQuantization:1]]
[2020.03.05-09.31.27:791][  0]LogConfig: Setting CVar [[r.LightShaftQuality:1]]
[2020.03.05-09.31.27:791][  0]LogConfig: Setting CVar [[r.Filter.SizeScale:1]]
[2020.03.05-09.31.27:791][  0]LogConfig: Setting CVar [[r.Tonemapper.Quality:5]]
[2020.03.05-09.31.27:791][  0]LogConfig: Setting CVar [[r.DOF.Gather.AccumulatorQuality:1        ; higher gathering accumulator quality]]
[2020.03.05-09.31.27:791][  0]LogConfig: Setting CVar [[r.DOF.Gather.PostfilterMethod:1          ; Median3x3 postfilering method]]
[2020.03.05-09.31.27:791][  0]LogConfig: Setting CVar [[r.DOF.Gather.EnableBokehSettings:0       ; no bokeh simulation when gathering]]
[2020.03.05-09.31.27:791][  0]LogConfig: Setting CVar [[r.DOF.Gather.RingCount:4                 ; medium number of samples when gathering]]
[2020.03.05-09.31.27:791][  0]LogConfig: Setting CVar [[r.DOF.Scatter.ForegroundCompositing:1    ; additive foreground scattering]]
[2020.03.05-09.31.27:791][  0]LogConfig: Setting CVar [[r.DOF.Scatter.BackgroundCompositing:2    ; additive background scattering]]
[2020.03.05-09.31.27:791][  0]LogConfig: Setting CVar [[r.DOF.Scatter.EnableBokehSettings:1      ; bokeh simulation when scattering]]
[2020.03.05-09.31.27:791][  0]LogConfig: Setting CVar [[r.DOF.Scatter.MaxSpriteRatio:0.1         ; only a maximum of 10% of scattered bokeh]]
[2020.03.05-09.31.27:791][  0]LogConfig: Setting CVar [[r.DOF.Recombine.Quality:1                ; cheap slight out of focus]]
[2020.03.05-09.31.27:791][  0]LogConfig: Setting CVar [[r.DOF.Recombine.EnableBokehSettings:0    ; no bokeh simulation on slight out of focus]]
[2020.03.05-09.31.27:791][  0]LogConfig: Setting CVar [[r.DOF.TemporalAAQuality:1                ; more stable temporal accumulation]]
[2020.03.05-09.31.27:791][  0]LogConfig: Setting CVar [[r.DOF.Kernel.MaxForegroundRadius:0.025]]
[2020.03.05-09.31.27:791][  0]LogConfig: Setting CVar [[r.DOF.Kernel.MaxBackgroundRadius:0.025]]
[2020.03.05-09.31.27:791][  0]LogConfig: Applying CVar settings from Section [TextureQuality@3] File [E:/saxion/SSS - SMART SOLUTIONS/Interactive Atelier/SeamRippers/Saved/Config/Windows/Scalability.ini]
[2020.03.05-09.31.27:791][  0]LogConfig: Setting CVar [[r.Streaming.MipBias:0]]
[2020.03.05-09.31.27:791][  0]LogConfig: Setting CVar [[r.Streaming.AmortizeCPUToGPUCopy:0]]
[2020.03.05-09.31.27:791][  0]LogConfig: Setting CVar [[r.Streaming.MaxNumTexturesToStreamPerFrame:0]]
[2020.03.05-09.31.27:791][  0]LogConfig: Setting CVar [[r.Streaming.Boost:1]]
[2020.03.05-09.31.27:791][  0]LogConfig: Setting CVar [[r.MaxAnisotropy:8]]
[2020.03.05-09.31.27:791][  0]LogConfig: Setting CVar [[r.Streaming.LimitPoolSizeToVRAM:0]]
[2020.03.05-09.31.27:791][  0]LogConfig: Setting CVar [[r.Streaming.PoolSize:1000]]
[2020.03.05-09.31.27:791][  0]LogConfig: Setting CVar [[r.Streaming.MaxEffectiveScreenSize:0]]
[2020.03.05-09.31.27:791][  0]LogConfig: Applying CVar settings from Section [EffectsQuality@3] File [E:/saxion/SSS - SMART SOLUTIONS/Interactive Atelier/SeamRippers/Saved/Config/Windows/Scalability.ini]
[2020.03.05-09.31.27:791][  0]LogConfig: Setting CVar [[r.TranslucencyLightingVolumeDim:64]]
[2020.03.05-09.31.27:791][  0]LogConfig: Setting CVar [[r.RefractionQuality:2]]
[2020.03.05-09.31.27:791][  0]LogConfig: Setting CVar [[r.SSR.Quality:3]]
[2020.03.05-09.31.27:791][  0]LogConfig: Setting CVar [[r.SceneColorFormat:4]]
[2020.03.05-09.31.27:791][  0]LogConfig: Setting CVar [[r.DetailMode:2]]
[2020.03.05-09.31.27:791][  0]LogConfig: Setting CVar [[r.TranslucencyVolumeBlur:1]]
[2020.03.05-09.31.27:791][  0]LogConfig: Setting CVar [[r.MaterialQualityLevel:1 ; High quality]]
[2020.03.05-09.31.27:791][  0]LogConfig: Setting CVar [[r.SSS.Scale:1]]
[2020.03.05-09.31.27:791][  0]LogConfig: Setting CVar [[r.SSS.SampleSet:2]]
[2020.03.05-09.31.27:791][  0]LogConfig: Setting CVar [[r.SSS.Quality:1]]
[2020.03.05-09.31.27:791][  0]LogConfig: Setting CVar [[r.SSS.HalfRes:1]]
[2020.03.05-09.31.27:791][  0]LogConfig: Setting CVar [[r.EmitterSpawnRateScale:1.0]]
[2020.03.05-09.31.27:791][  0]LogConfig: Setting CVar [[r.ParticleLightQuality:2]]
[2020.03.05-09.31.27:791][  0]LogConfig: Applying CVar settings from Section [FoliageQuality@3] File [E:/saxion/SSS - SMART SOLUTIONS/Interactive Atelier/SeamRippers/Saved/Config/Windows/Scalability.ini]
[2020.03.05-09.31.27:791][  0]LogConfig: Setting CVar [[foliage.DensityScale:1.0]]
[2020.03.05-09.31.27:791][  0]LogConfig: Setting CVar [[grass.DensityScale:1.0]]
[2020.03.05-09.31.27:791][  0]LogInit: Selected Device Profile: [Windows]
[2020.03.05-09.31.27:791][  0]LogInit: Applying CVar settings loaded from the selected device profile: [Windows]
[2020.03.05-09.31.27:795][  0]LogHAL: Display: Platform has ~ 12 GB [12561346560 / 17179869184 / 12], which maps to Larger [LargestMinGB=32, LargerMinGB=12, DefaultMinGB=8, SmallerMinGB=6, SmallestMinGB=0)
[2020.03.05-09.31.27:795][  0]LogInit: Going up to parent DeviceProfile []
[2020.03.05-09.31.27:795][  0]LogConfig: Applying CVar settings from Section [ViewDistanceQuality@3] File [E:/saxion/SSS - SMART SOLUTIONS/Interactive Atelier/SeamRippers/Saved/Config/Windows/Scalability.ini]
[2020.03.05-09.31.27:795][  0]LogConfig: Setting CVar [[r.SkeletalMeshLODBias:0]]
[2020.03.05-09.31.27:795][  0]LogConfig: Setting CVar [[r.ViewDistanceScale:1.0]]
[2020.03.05-09.31.27:795][  0]LogConfig: Applying CVar settings from Section [AntiAliasingQuality@3] File [E:/saxion/SSS - SMART SOLUTIONS/Interactive Atelier/SeamRippers/Saved/Config/Windows/Scalability.ini]
[2020.03.05-09.31.27:795][  0]LogConfig: Setting CVar [[r.PostProcessAAQuality:4]]
[2020.03.05-09.31.27:795][  0]LogConfig: Applying CVar settings from Section [ShadowQuality@3] File [E:/saxion/SSS - SMART SOLUTIONS/Interactive Atelier/SeamRippers/Saved/Config/Windows/Scalability.ini]
[2020.03.05-09.31.27:795][  0]LogConfig: Setting CVar [[r.LightFunctionQuality:1]]
[2020.03.05-09.31.27:795][  0]LogConfig: Setting CVar [[r.ShadowQuality:5]]
[2020.03.05-09.31.27:795][  0]LogConfig: Setting CVar [[r.Shadow.CSM.MaxCascades:10]]
[2020.03.05-09.31.27:795][  0]LogConfig: Setting CVar [[r.Shadow.MaxResolution:2048]]
[2020.03.05-09.31.27:795][  0]LogConfig: Setting CVar [[r.Shadow.MaxCSMResolution:2048]]
[2020.03.05-09.31.27:795][  0]LogConfig: Setting CVar [[r.Shadow.RadiusThreshold:0.01]]
[2020.03.05-09.31.27:795][  0]LogConfig: Setting CVar [[r.Shadow.DistanceScale:1.0]]
[2020.03.05-09.31.27:795][  0]LogConfig: Setting CVar [[r.Shadow.CSM.TransitionScale:1.0]]
[2020.03.05-09.31.27:795][  0]LogConfig: Setting CVar [[r.Shadow.PreShadowResolutionFactor:1.0]]
[2020.03.05-09.31.27:795][  0]LogConfig: Setting CVar [[r.DistanceFieldShadowing:1]]
[2020.03.05-09.31.27:795][  0]LogConfig: Setting CVar [[r.DistanceFieldAO:1]]
[2020.03.05-09.31.27:795][  0]LogConfig: Setting CVar [[r.AOQuality:2]]
[2020.03.05-09.31.27:795][  0]LogConfig: Setting CVar [[r.VolumetricFog:1]]
[2020.03.05-09.31.27:795][  0]LogConfig: Setting CVar [[r.VolumetricFog.GridPixelSize:8]]
[2020.03.05-09.31.27:795][  0]LogConfig: Setting CVar [[r.VolumetricFog.GridSizeZ:128]]
[2020.03.05-09.31.27:795][  0]LogConfig: Setting CVar [[r.VolumetricFog.HistoryMissSupersampleCount:4]]
[2020.03.05-09.31.27:796][  0]LogConfig: Setting CVar [[r.LightMaxDrawDistanceScale:1]]
[2020.03.05-09.31.27:796][  0]LogConfig: Setting CVar [[r.CapsuleShadows:1]]
[2020.03.05-09.31.27:796][  0]LogConfig: Applying CVar settings from Section [PostProcessQuality@3] File [E:/saxion/SSS - SMART SOLUTIONS/Interactive Atelier/SeamRippers/Saved/Config/Windows/Scalability.ini]
[2020.03.05-09.31.27:796][  0]LogConfig: Setting CVar [[r.MotionBlurQuality:4]]
[2020.03.05-09.31.27:796][  0]LogConfig: Setting CVar [[r.AmbientOcclusionMipLevelFactor:0.4]]
[2020.03.05-09.31.27:796][  0]LogConfig: Setting CVar [[r.AmbientOcclusionMaxQuality:100]]
[2020.03.05-09.31.27:796][  0]LogConfig: Setting CVar [[r.AmbientOcclusionLevels:-1]]
[2020.03.05-09.31.27:796][  0]LogConfig: Setting CVar [[r.AmbientOcclusionRadiusScale:1.0]]
[2020.03.05-09.31.27:796][  0]LogConfig: Setting CVar [[r.DepthOfFieldQuality:2]]
[2020.03.05-09.31.27:796][  0]LogConfig: Setting CVar [[r.RenderTargetPoolMin:400]]
[2020.03.05-09.31.27:796][  0]LogConfig: Setting CVar [[r.LensFlareQuality:2]]
[2020.03.05-09.31.27:796][  0]LogConfig: Setting CVar [[r.SceneColorFringeQuality:1]]
[2020.03.05-09.31.27:796][  0]LogConfig: Setting CVar [[r.EyeAdaptationQuality:2]]
[2020.03.05-09.31.27:796][  0]LogConfig: Setting CVar [[r.BloomQuality:5]]
[2020.03.05-09.31.27:796][  0]LogConfig: Setting CVar [[r.FastBlurThreshold:100]]
[2020.03.05-09.31.27:796][  0]LogConfig: Setting CVar [[r.Upscale.Quality:3]]
[2020.03.05-09.31.27:796][  0]LogConfig: Setting CVar [[r.Tonemapper.GrainQuantization:1]]
[2020.03.05-09.31.27:796][  0]LogConfig: Setting CVar [[r.LightShaftQuality:1]]
[2020.03.05-09.31.27:796][  0]LogConfig: Setting CVar [[r.Filter.SizeScale:1]]
[2020.03.05-09.31.27:796][  0]LogConfig: Setting CVar [[r.Tonemapper.Quality:5]]
[2020.03.05-09.31.27:796][  0]LogConfig: Setting CVar [[r.DOF.Gather.AccumulatorQuality:1        ; higher gathering accumulator quality]]
[2020.03.05-09.31.27:796][  0]LogConfig: Setting CVar [[r.DOF.Gather.PostfilterMethod:1          ; Median3x3 postfilering method]]
[2020.03.05-09.31.27:796][  0]LogConfig: Setting CVar [[r.DOF.Gather.EnableBokehSettings:0       ; no bokeh simulation when gathering]]
[2020.03.05-09.31.27:796][  0]LogConfig: Setting CVar [[r.DOF.Gather.RingCount:4                 ; medium number of samples when gathering]]
[2020.03.05-09.31.27:796][  0]LogConfig: Setting CVar [[r.DOF.Scatter.ForegroundCompositing:1    ; additive foreground scattering]]
[2020.03.05-09.31.27:796][  0]LogConfig: Setting CVar [[r.DOF.Scatter.BackgroundCompositing:2    ; additive background scattering]]
[2020.03.05-09.31.27:796][  0]LogConfig: Setting CVar [[r.DOF.Scatter.EnableBokehSettings:1      ; bokeh simulation when scattering]]
[2020.03.05-09.31.27:796][  0]LogConfig: Setting CVar [[r.DOF.Scatter.MaxSpriteRatio:0.1         ; only a maximum of 10% of scattered bokeh]]
[2020.03.05-09.31.27:796][  0]LogConfig: Setting CVar [[r.DOF.Recombine.Quality:1                ; cheap slight out of focus]]
[2020.03.05-09.31.27:796][  0]LogConfig: Setting CVar [[r.DOF.Recombine.EnableBokehSettings:0    ; no bokeh simulation on slight out of focus]]
[2020.03.05-09.31.27:796][  0]LogConfig: Setting CVar [[r.DOF.TemporalAAQuality:1                ; more stable temporal accumulation]]
[2020.03.05-09.31.27:796][  0]LogConfig: Setting CVar [[r.DOF.Kernel.MaxForegroundRadius:0.025]]
[2020.03.05-09.31.27:796][  0]LogConfig: Setting CVar [[r.DOF.Kernel.MaxBackgroundRadius:0.025]]
[2020.03.05-09.31.27:796][  0]LogConfig: Applying CVar settings from Section [TextureQuality@3] File [E:/saxion/SSS - SMART SOLUTIONS/Interactive Atelier/SeamRippers/Saved/Config/Windows/Scalability.ini]
[2020.03.05-09.31.27:796][  0]LogConfig: Setting CVar [[r.Streaming.MipBias:0]]
[2020.03.05-09.31.27:796][  0]LogConfig: Setting CVar [[r.Streaming.AmortizeCPUToGPUCopy:0]]
[2020.03.05-09.31.27:796][  0]LogConfig: Setting CVar [[r.Streaming.MaxNumTexturesToStreamPerFrame:0]]
[2020.03.05-09.31.27:796][  0]LogConfig: Setting CVar [[r.Streaming.Boost:1]]
[2020.03.05-09.31.27:796][  0]LogConfig: Setting CVar [[r.MaxAnisotropy:8]]
[2020.03.05-09.31.27:796][  0]LogConfig: Setting CVar [[r.Streaming.LimitPoolSizeToVRAM:0]]
[2020.03.05-09.31.27:797][  0]LogConfig: Setting CVar [[r.Streaming.PoolSize:1000]]
[2020.03.05-09.31.27:797][  0]LogConfig: Setting CVar [[r.Streaming.MaxEffectiveScreenSize:0]]
[2020.03.05-09.31.27:797][  0]LogConfig: Applying CVar settings from Section [EffectsQuality@3] File [E:/saxion/SSS - SMART SOLUTIONS/Interactive Atelier/SeamRippers/Saved/Config/Windows/Scalability.ini]
[2020.03.05-09.31.27:797][  0]LogConfig: Setting CVar [[r.TranslucencyLightingVolumeDim:64]]
[2020.03.05-09.31.27:797][  0]LogConfig: Setting CVar [[r.RefractionQuality:2]]
[2020.03.05-09.31.27:797][  0]LogConfig: Setting CVar [[r.SSR.Quality:3]]
[2020.03.05-09.31.27:797][  0]LogConfig: Setting CVar [[r.SceneColorFormat:4]]
[2020.03.05-09.31.27:797][  0]LogConfig: Setting CVar [[r.DetailMode:2]]
[2020.03.05-09.31.27:797][  0]LogConfig: Setting CVar [[r.TranslucencyVolumeBlur:1]]
[2020.03.05-09.31.27:797][  0]LogConfig: Setting CVar [[r.MaterialQualityLevel:1 ; High quality]]
[2020.03.05-09.31.27:797][  0]LogConfig: Setting CVar [[r.SSS.Scale:1]]
[2020.03.05-09.31.27:797][  0]LogConfig: Setting CVar [[r.SSS.SampleSet:2]]
[2020.03.05-09.31.27:797][  0]LogConfig: Setting CVar [[r.SSS.Quality:1]]
[2020.03.05-09.31.27:797][  0]LogConfig: Setting CVar [[r.SSS.HalfRes:1]]
[2020.03.05-09.31.27:797][  0]LogConfig: Setting CVar [[r.EmitterSpawnRateScale:1.0]]
[2020.03.05-09.31.27:797][  0]LogConfig: Setting CVar [[r.ParticleLightQuality:2]]
[2020.03.05-09.31.27:797][  0]LogConfig: Applying CVar settings from Section [FoliageQuality@3] File [E:/saxion/SSS - SMART SOLUTIONS/Interactive Atelier/SeamRippers/Saved/Config/Windows/Scalability.ini]
[2020.03.05-09.31.27:797][  0]LogConfig: Setting CVar [[foliage.DensityScale:1.0]]
[2020.03.05-09.31.27:797][  0]LogConfig: Setting CVar [[grass.DensityScale:1.0]]
[2020.03.05-09.31.27:797][  0]LogConfig: Applying CVar settings from Section [Startup] File [../../../Engine/Config/ConsoleVariables.ini]
[2020.03.05-09.31.27:797][  0]LogConfig: Setting CVar [[net.UseAdaptiveNetUpdateFrequency:0]]
[2020.03.05-09.31.27:797][  0]LogConfig: Setting CVar [[p.chaos.AllowCreatePhysxBodies:1]]
[2020.03.05-09.31.27:797][  0]LogConfig: Applying CVar settings from Section [ConsoleVariables] File [E:/saxion/SSS - SMART SOLUTIONS/Interactive Atelier/SeamRippers/Saved/Config/Windows/Engine.ini]
[2020.03.05-09.31.27:797][  0]LogInit: Computer: DESKTOP-FOC0V40
[2020.03.05-09.31.27:797][  0]LogInit: User: 417211
[2020.03.05-09.31.27:797][  0]LogInit: CPU Page size=4096, Cores=2
[2020.03.05-09.31.27:797][  0]LogInit: High frequency timer resolution =10.000000 MHz
[2020.03.05-09.31.27:798][  0]LogMemory: Memory total: Physical=11.7GB (12GB approx)
[2020.03.05-09.31.27:798][  0]LogMemory: Platform Memory Stats for Windows
[2020.03.05-09.31.27:798][  0]LogMemory: Process Physical Memory: 103.73 MB used, 103.74 MB peak
[2020.03.05-09.31.27:798][  0]LogMemory: Process Virtual Memory: 88.08 MB used, 88.08 MB peak
[2020.03.05-09.31.27:798][  0]LogMemory: Physical Memory: 7372.61 MB used,  4606.83 MB free, 11979.43 MB total
[2020.03.05-09.31.27:798][  0]LogMemory: Virtual Memory: 4641.75 MB used,  134213088.00 MB free, 134217728.00 MB total
[2020.03.05-09.31.27:802][  0]LogWindows: WindowsPlatformFeatures enabled
[2020.03.05-09.31.27:832][  0]LogInit: Using OS detected language (en-US).
[2020.03.05-09.31.27:832][  0]LogInit: Using OS detected locale (en-US).
[2020.03.05-09.31.27:833][  0]LogTextLocalizationManager: No specific localization for 'en-US' exists, so the 'en' localization will be used.
[2020.03.05-09.31.28:101][  0]LogInit: Setting process to per monitor DPI aware
[2020.03.05-09.31.28:161][  0]LogSlate: New Slate User Created.  User Index 0, Is Virtual User: 0
[2020.03.05-09.31.28:161][  0]LogSlate: Slate User Registered.  User Index 0, Is Virtual User: 0
[2020.03.05-09.31.28:412][  0]LogHMD: Failed to initialize OpenVR with code 110
[2020.03.05-09.31.28:412][  0]LogD3D11RHI: D3D11 adapters:
[2020.03.05-09.31.28:500][  0]LogD3D11RHI:    0. 'NVIDIA GeForce 840M' (Feature Level 11_0)
[2020.03.05-09.31.28:500][  0]LogD3D11RHI:       2010/0/5989 MB DedicatedVideo/DedicatedSystem/SharedSystem, Outputs:2, VendorId:0x10de
[2020.03.05-09.31.28:510][  0]LogD3D11RHI:    1. 'Intel(R) HD Graphics Family' (Feature Level 11_0)
[2020.03.05-09.31.28:510][  0]LogD3D11RHI:       112/0/2048 MB DedicatedVideo/DedicatedSystem/SharedSystem, Outputs:0, VendorId:0x8086
[2020.03.05-09.31.28:514][  0]LogD3D11RHI:    2. 'Microsoft Basic Render Driver' (Feature Level 11_0)
[2020.03.05-09.31.28:514][  0]LogD3D11RHI:       0/0/5989 MB DedicatedVideo/DedicatedSystem/SharedSystem, Outputs:0, VendorId:0x1414
[2020.03.05-09.31.28:514][  0]LogD3D11RHI: Chosen D3D11 Adapter: 0
[2020.03.05-09.31.28:549][  0]LogD3D11RHI: Creating new Direct3DDevice
[2020.03.05-09.31.28:549][  0]LogD3D11RHI:     GPU DeviceId: 0x1341 (for the marketing name, search the web for "GPU Device Id")
[2020.03.05-09.31.28:550][  0]LogWindows: EnumDisplayDevices:
[2020.03.05-09.31.28:550][  0]LogWindows:    0. 'Intel(R) HD Graphics Family' (P:1 D:1)
[2020.03.05-09.31.28:550][  0]LogWindows:    1. 'Intel(R) HD Graphics Family' (P:0 D:1)
[2020.03.05-09.31.28:551][  0]LogWindows:    2. 'Intel(R) HD Graphics Family' (P:0 D:0)
[2020.03.05-09.31.28:551][  0]LogWindows: DebugString: PrimaryIsNotTheChoosenAdapter PrimaryIsNotTheChoosenAdapter PrimaryIsNotTheChoosenAdapter FoundDriverCount:0 
[2020.03.05-09.31.28:551][  0]LogD3D11RHI:     Adapter Name: NVIDIA GeForce 840M
[2020.03.05-09.31.28:551][  0]LogD3D11RHI:   Driver Version: Unknown (internal:Unknown, unified:Unknown)
[2020.03.05-09.31.28:551][  0]LogD3D11RHI:      Driver Date: Unknown
[2020.03.05-09.31.28:551][  0]LogRHI: Texture pool is 1407 MB (70% of 2010 MB)
[2020.03.05-09.31.28:632][  0]LogD3D11RHI: Async texture creation enabled
[2020.03.05-09.31.28:652][  0]LogD3D11RHI: GPU Timing Frequency: 1000.000000 (Debug: 2 1)
[2020.03.05-09.31.29:212][  0]LogTemp: Display: Module 'AllDesktopTargetPlatform' loaded TargetPlatform 'AllDesktop'
[2020.03.05-09.31.29:222][  0]LogTemp: Display: Module 'MacClientTargetPlatform' loaded TargetPlatform 'MacClient'
[2020.03.05-09.31.29:234][  0]LogTemp: Display: Module 'MacNoEditorTargetPlatform' loaded TargetPlatform 'MacNoEditor'
[2020.03.05-09.31.29:244][  0]LogTemp: Display: Module 'MacServerTargetPlatform' loaded TargetPlatform 'MacServer'
[2020.03.05-09.31.29:254][  0]LogTemp: Display: Module 'MacTargetPlatform' loaded TargetPlatform 'Mac'
[2020.03.05-09.31.29:265][  0]LogTemp: Display: Module 'WindowsClientTargetPlatform' loaded TargetPlatform 'WindowsClient'
[2020.03.05-09.31.29:281][  0]LogTemp: Display: Module 'WindowsNoEditorTargetPlatform' loaded TargetPlatform 'WindowsNoEditor'
[2020.03.05-09.31.29:294][  0]LogTemp: Display: Module 'WindowsServerTargetPlatform' loaded TargetPlatform 'WindowsServer'
[2020.03.05-09.31.29:299][  0]LogTemp: Display: Module 'WindowsTargetPlatform' loaded TargetPlatform 'Windows'
[2020.03.05-09.31.29:344][  0]LogTemp: Display: Module 'AndroidTargetPlatform' loaded TargetPlatform 'Android'
[2020.03.05-09.31.29:345][  0]LogTemp: Display: Module 'AndroidTargetPlatform' loaded TargetPlatform 'Android_ASTC'
[2020.03.05-09.31.29:345][  0]LogTemp: Display: Module 'AndroidTargetPlatform' loaded TargetPlatform 'Android_ATC'
[2020.03.05-09.31.29:345][  0]LogTemp: Display: Module 'AndroidTargetPlatform' loaded TargetPlatform 'Android_DXT'
[2020.03.05-09.31.29:345][  0]LogTemp: Display: Module 'AndroidTargetPlatform' loaded TargetPlatform 'Android_ETC1'
[2020.03.05-09.31.29:345][  0]LogTemp: Display: Module 'AndroidTargetPlatform' loaded TargetPlatform 'Android_ETC1a'
[2020.03.05-09.31.29:345][  0]LogTemp: Display: Module 'AndroidTargetPlatform' loaded TargetPlatform 'Android_ETC2'
[2020.03.05-09.31.29:345][  0]LogTemp: Display: Module 'AndroidTargetPlatform' loaded TargetPlatform 'Android_PVRTC'
[2020.03.05-09.31.29:345][  0]LogTemp: Display: Module 'AndroidTargetPlatform' loaded TargetPlatform 'AndroidClient'
[2020.03.05-09.31.29:345][  0]LogTemp: Display: Module 'AndroidTargetPlatform' loaded TargetPlatform 'Android_ASTCClient'
[2020.03.05-09.31.29:345][  0]LogTemp: Display: Module 'AndroidTargetPlatform' loaded TargetPlatform 'Android_ATCClient'
[2020.03.05-09.31.29:345][  0]LogTemp: Display: Module 'AndroidTargetPlatform' loaded TargetPlatform 'Android_DXTClient'
[2020.03.05-09.31.29:345][  0]LogTemp: Display: Module 'AndroidTargetPlatform' loaded TargetPlatform 'Android_ETC1Client'
[2020.03.05-09.31.29:345][  0]LogTemp: Display: Module 'AndroidTargetPlatform' loaded TargetPlatform 'Android_ETC1aClient'
[2020.03.05-09.31.29:345][  0]LogTemp: Display: Module 'AndroidTargetPlatform' loaded TargetPlatform 'Android_ETC2Client'
[2020.03.05-09.31.29:345][  0]LogTemp: Display: Module 'AndroidTargetPlatform' loaded TargetPlatform 'Android_PVRTCClient'
[2020.03.05-09.31.29:345][  0]LogTemp: Display: Module 'AndroidTargetPlatform' loaded TargetPlatform 'Android_Multi'
[2020.03.05-09.31.29:345][  0]LogTemp: Display: Module 'AndroidTargetPlatform' loaded TargetPlatform 'Android_MultiClient'
[2020.03.05-09.31.29:347][  0]LogTemp: Display: Module 'HTML5TargetPlatform' loaded TargetPlatform 'HTML5'
[2020.03.05-09.31.29:380][  0]LogTemp: Display: Module 'IOSTargetPlatform' loaded TargetPlatform 'IOSClient'
[2020.03.05-09.31.29:380][  0]LogTemp: Display: Module 'IOSTargetPlatform' loaded TargetPlatform 'IOS'
[2020.03.05-09.31.29:418][  0]LogTemp: Display: Module 'TVOSTargetPlatform' loaded TargetPlatform 'TVOSClient'
[2020.03.05-09.31.29:418][  0]LogTemp: Display: Module 'TVOSTargetPlatform' loaded TargetPlatform 'TVOS'
[2020.03.05-09.31.29:435][  0]LogTemp: Display: Module 'LinuxClientTargetPlatform' loaded TargetPlatform 'LinuxClient'
[2020.03.05-09.31.29:453][  0]LogTemp: Display: Module 'LinuxNoEditorTargetPlatform' loaded TargetPlatform 'LinuxNoEditor'
[2020.03.05-09.31.29:469][  0]LogTemp: Display: Module 'LinuxServerTargetPlatform' loaded TargetPlatform 'LinuxServer'
[2020.03.05-09.31.29:494][  0]LogTemp: Display: Module 'LinuxTargetPlatform' loaded TargetPlatform 'Linux'
[2020.03.05-09.31.29:554][  0]LogTemp: Display: Module 'LuminTargetPlatform' loaded TargetPlatform 'Lumin'
[2020.03.05-09.31.29:554][  0]LogTemp: Display: Module 'LuminTargetPlatform' loaded TargetPlatform 'LuminClient'
[2020.03.05-09.31.29:554][  0]LogTargetPlatformManager: Display: Building Assets For Windows
[2020.03.05-09.31.29:569][  0]LogAudioDebug: Display: Lib vorbis DLL was dynamically loaded.
[2020.03.05-09.31.29:649][  0]LogShaderCompilers: Guid format shader working directory is -32 characters bigger than the processId version (../../../../../../saxion/SSS - SMART SOLUTIONS/Interactive Atelier/SeamRippers/Intermediate/Shaders/WorkingDirectory/11176/).
[2020.03.05-09.31.29:649][  0]LogShaderCompilers: Cleaned the shader compiler working directory 'C:/Users/417211/AppData/Local/Temp/UnrealShaderWorkingDir/32427E66431568BB2C6E66B14C6ED6EB/'.
[2020.03.05-09.31.29:653][  0]LogXGEController: Cannot use XGE Controller as Incredibuild is not installed on this machine.
[2020.03.05-09.31.29:653][  0]LogShaderCompilers: Cannot use XGE Shader Compiler as Incredibuild is not installed on this machine.
[2020.03.05-09.31.29:653][  0]LogShaderCompilers: Display: Using Local Shader Compiler.
[2020.03.05-09.31.31:235][  0]LogDerivedDataCache: Display: Max Cache Size: 512 MB
[2020.03.05-09.31.31:315][  0]LogDerivedDataCache: Loaded boot cache 0.08s 73MB C:/Users/417211/AppData/Local/UnrealEngine/4.23/DerivedDataCache/Boot.ddc.
[2020.03.05-09.31.31:315][  0]LogDerivedDataCache: Display: Loaded Boot cache: C:/Users/417211/AppData/Local/UnrealEngine/4.23/DerivedDataCache/Boot.ddc
[2020.03.05-09.31.31:315][  0]LogDerivedDataCache: FDerivedDataBackendGraph:  Pak pak cache file ../../../../../../saxion/SSS - SMART SOLUTIONS/Interactive Atelier/SeamRippers/DerivedDataCache/DDC.ddp not found, will not use a pak cache.
[2020.03.05-09.31.31:315][  0]LogDerivedDataCache: Unable to find inner node Pak for hierarchical cache Hierarchy.
[2020.03.05-09.31.31:315][  0]LogDerivedDataCache: FDerivedDataBackendGraph:  CompressedPak pak cache file ../../../../../../saxion/SSS - SMART SOLUTIONS/Interactive Atelier/SeamRippers/DerivedDataCache/Compressed.ddp not found, will not use a pak cache.
[2020.03.05-09.31.31:315][  0]LogDerivedDataCache: Unable to find inner node CompressedPak for hierarchical cache Hierarchy.
[2020.03.05-09.31.31:334][  0]LogDerivedDataCache: Display: Pak cache opened for reading ../../../Engine/DerivedDataCache/Compressed.ddp.
[2020.03.05-09.31.31:335][  0]LogDerivedDataCache: FDerivedDataBackendGraph:  EnterprisePak pak cache file ../../../Enterprise/DerivedDataCache/Compressed.ddp not found, will not use a pak cache.
[2020.03.05-09.31.31:335][  0]LogDerivedDataCache: Unable to find inner node EnterprisePak for hierarchical cache Hierarchy.
[2020.03.05-09.31.31:336][  0]LogDerivedDataCache: Using Local data cache path C:/Users/417211/AppData/Local/UnrealEngine/Common/DerivedDataCache: Writable
[2020.03.05-09.31.31:336][  0]LogDerivedDataCache: Shared data cache path not found in *engine.ini, will not use an Shared cache.
[2020.03.05-09.31.31:336][  0]LogDerivedDataCache: Unable to find inner node Shared for hierarchical cache Hierarchy.
[2020.03.05-09.31.31:366][  0]LogMaterial: Verifying Global Shaders for PCD3D_SM5
[2020.03.05-09.31.31:433][  0]LogSlate: Using FreeType 2.6.0
[2020.03.05-09.31.31:434][  0]LogShaderCompilers: Display: Worker (1/3): shaders left to compile 3
[2020.03.05-09.31.31:434][  0]LogShaderCompilers: Display: Worker (2/3): shaders left to compile 2
[2020.03.05-09.31.31:434][  0]LogShaderCompilers: Display: Worker (3/3): shaders left to compile 1
[2020.03.05-09.31.31:434][  0]LogSlate: SlateFontServices - WITH_FREETYPE: 1, WITH_HARFBUZZ: 1
[2020.03.05-09.31.31:536][  0]LogAssetRegistry: FAssetRegistry took 0.0033 seconds to start up
[2020.03.05-09.31.32:165][  0]LogInit: Selected Device Profile: [Windows]
[2020.03.05-09.31.32:503][  0]LogMeshReduction: Using QuadricMeshReduction for automatic static mesh reduction
[2020.03.05-09.31.32:503][  0]LogMeshReduction: Using SimplygonMeshReduction for automatic skeletal mesh reduction
[2020.03.05-09.31.32:503][  0]LogMeshReduction: Using ProxyLODMeshReduction for automatic mesh merging
[2020.03.05-09.31.32:503][  0]LogMeshReduction: No distributed automatic mesh merging module available
[2020.03.05-09.31.32:503][  0]LogMeshMerging: No distributed automatic mesh merging module available
[2020.03.05-09.31.32:557][  0]LogNetVersion: SeamRippers 1.0.0, NetCL: 8386587, EngineNetVer: 11, GameNetVer: 0 (Checksum: 1534895622)
[2020.03.05-09.31.33:329][  0]LogPackageLocalizationCache: Processed 16 localized package path(s) for 1 prioritized culture(s) in 0.086879 seconds
[2020.03.05-09.31.33:340][  0]LogUObjectArray: 43508 objects as part of root set at end of initial load.
[2020.03.05-09.31.33:340][  0]LogUObjectAllocator: 7560168 out of 0 bytes used by permanent object pool.
[2020.03.05-09.31.33:340][  0]LogUObjectArray: CloseDisregardForGC: 0/0 objects in disregard for GC pool
[2020.03.05-09.31.35:472][  0]LogTcpMessaging: Initializing TcpMessaging bridge
[2020.03.05-09.31.35:479][  0]LogUdpMessaging: Initializing bridge on interface 0.0.0.0:0 to multicast group 230.0.0.1:6666.
[2020.03.05-09.31.37:787][  0]LogTexture: Display: Building textures: T_CompilerError (AutoDXT, 256X256)
[2020.03.05-09.31.37:787][  0]LogMaterial: Display: Missing cached shader map for material ComposureBeforeTranslucencySetBlack, compiling. 
[2020.03.05-09.31.38:254][  0]LogMaterial: Display: Missing cached shader map for material ComposureSimpleSetupMaterial, compiling. 
[2020.03.05-09.31.38:761][  0]LogTexture: Display: Building textures: T_DisabledElement (AutoDXT, 256X256)
[2020.03.05-09.31.38:761][  0]LogTexture: Display: Building textures: T_EmptyElement (AutoDXT, 256X256)
[2020.03.05-09.31.38:761][  0]LogTexture: Display: Building textures: T_SuspendedElement (AutoDXT, 256X256)
[2020.03.05-09.31.38:761][  0]LogMaterial: Display: Missing cached shader map for material M_VideoPlateDefault, compiling. 
[2020.03.05-09.31.39:234][  0]LogMaterial: Display: Missing cached shader map for material M_StaticVideoPlateDebug, compiling. 
[2020.03.05-09.31.39:380][  0]LogMaterial: Display: Missing cached shader map for material M_SinglePassChromaKeyer, compiling. 
[2020.03.05-09.31.39:684][  0]LogMaterial: Display: Missing cached shader map for material M_SinglePassDespill, compiling. 
[2020.03.05-09.31.39:700][  0]LogMaterial: Display: Missing cached shader map for material M_AlphaScale, compiling. 
[2020.03.05-09.31.39:814][  0]LogMaterial: Display: Missing cached shader map for material ComposureReplaceTonemapperComposeBloom, compiling. 
[2020.03.05-09.31.39:959][  0]LogMaterial: Display: Missing cached shader map for material ComposureReplaceTonemapperByTexture, compiling. 
[2020.03.05-09.31.41:617][  0]LogShaderCompilers: Display: Worker (3/3): shaders left to compile 72
[2020.03.05-09.31.41:617][  0]LogShaderCompilers: Display: Worker (1/3): shaders left to compile 62
[2020.03.05-09.31.41:617][  0]LogShaderCompilers: Display: Worker (2/3): shaders left to compile 52
[2020.03.05-09.31.41:617][  0]SourceControl: Source control is disabled
[2020.03.05-09.31.41:617][  0]SourceControl: Source control is disabled
[2020.03.05-09.31.41:619][  0]SourceControl: Source control is disabled
[2020.03.05-09.31.41:621][  0]SourceControl: Source control is disabled
[2020.03.05-09.31.41:786][  0]LogAndroidPermission: UAndroidPermissionCallbackProxy::GetInstance
[2020.03.05-09.31.42:109][  0]LogOcInput: OculusInput pre-init called
[2020.03.05-09.31.42:120][  0]LogWindows: Failed to load 'OVRPlugin.dll' (GetLastError=126)
[2020.03.05-09.31.42:120][  0]LogWindows: File 'OVRPlugin.dll' does not exist
[2020.03.05-09.31.42:263][  0]LogEngine: Initializing Engine...
[2020.03.05-09.31.42:264][  0]LogHMD: Failed to initialize OpenVR with code 110
[2020.03.05-09.31.42:266][  0]LogStats: UGameplayTagsManager::InitializeManager -  0.000 s
[2020.03.05-09.31.42:715][  0]LogInit: Initializing FReadOnlyCVARCache
[2020.03.05-09.31.42:748][  0]LogAIModule: Creating AISystem for world Untitled
[2020.03.05-09.31.42:858][  0]LogInit: XAudio2 using 'Speakers (Realtek High Definition Audio)' : 2 channels at 48 kHz using 32 bits per sample (channel mask 0x3)
[2020.03.05-09.31.43:184][  0]LogInit: FAudioDevice initialized.
[2020.03.05-09.31.43:185][  0]LogNetVersion: Set ProjectVersion to 1.0.0.0. Version Checksum will be recalculated on next use.
[2020.03.05-09.31.43:666][  0]LogDerivedDataCache: Saved boot cache 0.48s 73MB C:/Users/417211/AppData/Local/UnrealEngine/4.23/DerivedDataCache/Boot.ddc.
[2020.03.05-09.31.43:680][  0]LogInit: Texture streaming: Enabled
[2020.03.05-09.31.43:711][  0]LogEngineSessionManager: EngineSessionManager initialized
[2020.03.05-09.31.43:711][  0]LogEditorSessionSummary: Verbose: Initializing EditorSessionSummaryWriter for editor session tracking
[2020.03.05-09.31.43:713][  0]LogEditorSessionSummary: EditorSessionSummaryWriter initialized
[2020.03.05-09.31.43:834][  0]LogInit: Transaction tracking system initialized
[2020.03.05-09.31.43:890][  0]BlueprintLog: New page: Editor Load
[2020.03.05-09.31.44:020][  0]LocalizationService: Localization service is disabled
[2020.03.05-09.31.44:517][  0]LogFileCache: Scanning file cache for directory 'E:/saxion/SSS - SMART SOLUTIONS/Interactive Atelier/SeamRippers/Content/' took 0.05s
[2020.03.05-09.31.44:517][  0]LogCook: Display: Max memory allowance for cook 16384mb min free memory 0mb
[2020.03.05-09.31.44:517][  0]LogCook: Display: Mobile HDR setting 1
[2020.03.05-09.31.45:831][  0]SourceControl: Source control is disabled
[2020.03.05-09.31.45:831][  0]Cmd: MAP LOAD FILE="../../../../../../saxion/SSS - SMART SOLUTIONS/Interactive Atelier/SeamRippers/Content/ThirdPersonBP/Maps/ThirdPersonExampleMap.umap" TEMPLATE=0 SHOWPROGRESS=1 FEATURELEVEL=3
[2020.03.05-09.31.45:832][  0]LightingResults: New page: Lighting Build
[2020.03.05-09.31.45:835][  0]LogWorld: UWorld::CleanupWorld for Untitled, bSessionEnded=true, bCleanupResources=true
[2020.03.05-09.31.45:836][  0]MapCheck: New page: Map Check
[2020.03.05-09.31.45:836][  0]LightingResults: New page: Lighting Build
[2020.03.05-09.31.46:013][  0]LogUObjectHash: Compacting FUObjectHashTables data took   3.58ms
[2020.03.05-09.31.46:663][  0]LogAIModule: Creating AISystem for world ThirdPersonExampleMap
[2020.03.05-09.31.46:765][  0]LogEditorServer: Finished looking for orphan Actors (0.000 secs)
[2020.03.05-09.31.54:778][  0]LogShaderCompilers: Display: Worker (2/3): shaders left to compile 42
[2020.03.05-09.31.54:778][  0]LogShaderCompilers: Display: Worker (3/3): shaders left to compile 32
[2020.03.05-09.31.54:778][  0]LogShaderCompilers: Display: Worker (1/3): shaders left to compile 22
[2020.03.05-09.31.54:778][  0]LogShaderCompilers: Display: Worker (1/3): shaders left to compile 14
[2020.03.05-09.31.54:778][  0]LogShaderCompilers: Display: Worker (2/3): shaders left to compile 9
[2020.03.05-09.31.54:778][  0]LogShaderCompilers: Display: Worker (3/3): shaders left to compile 5
[2020.03.05-09.31.54:778][  0]LogShaderCompilers: Display: Worker (3/3): shaders left to compile 3
[2020.03.05-09.31.54:778][  0]LogShaderCompilers: Display: Worker (3/3): shaders left to compile 1
[2020.03.05-09.31.54:784][  0]LogUObjectHash: Compacting FUObjectHashTables data took   4.59ms
[2020.03.05-09.31.54:784][  0]Cmd: MAP CHECKDEP NOCLEARLOG
[2020.03.05-09.31.54:785][  0]MapCheck: Map check complete: 0 Error(s), 0 Warning(s), took 0.168ms to complete.
[2020.03.05-09.31.54:785][  0]LogFileHelpers: Loading map 'ThirdPersonExampleMap' took 8.954
[2020.03.05-09.31.55:030][  0]LogSlate: Updating window title bar state: overlay mode, drag disabled, window buttons hidden, title bar hidden
[2020.03.05-09.31.55:047][  0]LogSlate: Updating window title bar state: overlay mode, drag disabled, window buttons hidden, title bar hidden
[2020.03.05-09.31.55:063][  0]LogSlate: Updating window title bar state: overlay mode, drag disabled, window buttons hidden, title bar hidden
[2020.03.05-09.31.55:082][  0]LogSlate: Updating window title bar state: overlay mode, drag disabled, window buttons hidden, title bar hidden
[2020.03.05-09.31.55:091][  0]LogCollectionManager: Loaded 0 collections in 0.002109 seconds
[2020.03.05-09.31.55:102][  0]LogFileCache: Scanning file cache for directory 'E:/saxion/SSS - SMART SOLUTIONS/Interactive Atelier/SeamRippers/Saved/Collections/' took 0.00s
[2020.03.05-09.31.55:102][  0]LogFileCache: Scanning file cache for directory 'E:/saxion/SSS - SMART SOLUTIONS/Interactive Atelier/SeamRippers/Content/Developers/417211/Collections/' took 0.00s
[2020.03.05-09.31.55:102][  0]LogFileCache: Scanning file cache for directory 'E:/saxion/SSS - SMART SOLUTIONS/Interactive Atelier/SeamRippers/Content/Collections/' took 0.00s
[2020.03.05-09.31.55:102][  0]LogCollectionManager: Rebuilt the GUID cache for 0 collections in 0.000002 seconds
[2020.03.05-09.31.55:120][  0]LogContentBrowser: Native class hierarchy populated in 0.0174 seconds. Added 2924 classes and 709 folders.
[2020.03.05-09.31.55:129][  0]LogContentBrowser: Native class hierarchy updated for 'WidgetCarousel' in 0.0003 seconds. Added 0 classes and 0 folders.
[2020.03.05-09.31.55:192][  0]LogContentBrowser: Native class hierarchy updated for 'AddContentDialog' in 0.0004 seconds. Added 0 classes and 0 folders.
[2020.03.05-09.31.55:201][  0]LogContentBrowser: Native class hierarchy updated for 'SceneOutliner' in 0.0005 seconds. Added 1 classes and 2 folders.
[2020.03.05-09.31.55:270][  0]LogSlate: Took 0.000208 seconds to synchronously load lazily loaded font '../../../Engine/Content/Slate/Fonts/Roboto-Regular.ttf' (155K)
[2020.03.05-09.31.55:274][  0]LogSlate: Took 0.000363 seconds to synchronously load lazily loaded font '../../../Engine/Content/Slate/Fonts/Roboto-Bold.ttf' (160K)
[2020.03.05-09.31.55:285][  0]LogSlate: Took 0.000213 seconds to synchronously load lazily loaded font '../../../Engine/Content/Editor/Slate/Fonts/FontAwesome.ttf' (139K)
[2020.03.05-09.31.55:428][  0]LogRenderer: Reallocating scene render targets to support 1208x572 Format 10 NumSamples 1 (Frame:1).
[2020.03.05-09.31.55:708][  0]LogContentBrowser: Native class hierarchy updated for 'HierarchicalLODOutliner' in 0.0004 seconds. Added 0 classes and 0 folders.
[2020.03.05-09.31.55:708][  0]LogLoad: (Engine Initialization) Total time: 30.03 seconds
[2020.03.05-09.31.55:708][  0]LogLoad: (Engine Initialization) Total Blueprint compile time: 0.00 seconds
[2020.03.05-09.31.55:776][  0]LogContentStreaming: Texture pool size now 1000 MB
[2020.03.05-09.31.55:828][  0]LogSlate: Took 0.000177 seconds to synchronously load lazily loaded font '../../../Engine/Content/Slate/Fonts/Roboto-Light.ttf' (167K)
[2020.03.05-09.31.55:883][  1]LogAssetRegistry: Asset discovery search completed in 24.3481 seconds
[2020.03.05-09.31.55:890][  1]LogCollectionManager: Rebuilt the object cache for 0 collections in 0.000005 seconds (found 0 objects)
[2020.03.05-09.31.55:890][  1]LogCollectionManager: Fixed up redirectors for 0 collections in 0.000084 seconds (updated 0 objects)
[2020.03.05-09.40.56:903][612]LogEditorSessionSummary: EditorSessionSummary sent report. Type=Shutdown, SessionId={D7F4F441-4780-878F-FCBB-B0835BA15979}
[2020.03.05-09.53.09:971][798]LogInit: XAudio2 using 'Speakers (Realtek High Definition Audio)' : 2 channels at 48 kHz using 32 bits per sample (channel mask 0x3)
[2020.03.05-10.13.03:172][361]LogInit: XAudio2 using 'Speakers (Realtek High Definition Audio)' : 2 channels at 48 kHz using 32 bits per sample (channel mask 0x3)
[2020.03.05-11.38.05:614][574]LogSlate: FSceneViewport::OnFocusLost() reason 5
[2020.03.05-12.35.49:573][869]LogInit: XAudio2 using 'Speakers (Realtek High Definition Audio)' : 2 channels at 48 kHz using 32 bits per sample (channel mask 0x3)
[2020.03.05-12.57.10:623][686]LogInit: XAudio2 using 'Speakers (Realtek High Definition Audio)' : 2 channels at 48 kHz using 32 bits per sample (channel mask 0x3)
[2020.03.05-13.32.58:012][547]LogSlate: Window 'Plugins' being destroyed
[2020.03.05-13.32.58:034][547]LogSlate: Window 'Plugins' being destroyed
[2020.03.05-13.32.58:035][547]LogDirectoryWatcher: A directory notification for '../../../Engine/Plugins/' was aborted.
[2020.03.05-13.44.47:555][740]LogUObjectHash: Compacting FUObjectHashTables data took   5.11ms
[2020.03.05-13.44.47:651][740]LogSlate: Window 'SeamRippers - Unreal Editor' being destroyed
[2020.03.05-13.44.47:911][741]Cmd: QUIT_EDITOR
[2020.03.05-13.44.47:962][741]LogWindowsTextInputMethodSystem: Display: IME system now deactivated.
[2020.03.05-13.44.47:984][741]LogExit: Preparing to exit.
[2020.03.05-13.44.48:250][741]LogDemo: Cleaned up 0 splitscreen connections with owner deletion
[2020.03.05-13.44.48:280][741]LogWorld: UWorld::CleanupWorld for None, bSessionEnded=true, bCleanupResources=true
[2020.03.05-13.44.48:281][741]LogExit: Editor shut down
[2020.03.05-13.44.48:282][741]LogExit: Transaction tracking system shut down
[2020.03.05-13.44.48:805][741]LogExit: Object subsystem successfully closed.
[2020.03.05-13.44.48:830][741]LogShaderCompilers: Display: Shaders left to compile 0
[2020.03.05-13.44.48:869][741]LogModuleManager: Shutting down and abandoning module HierarchicalLODOutliner (686)
[2020.03.05-13.44.48:869][741]LogModuleManager: Shutting down and abandoning module SceneOutliner (684)
[2020.03.05-13.44.48:869][741]LogModuleManager: Shutting down and abandoning module AddContentDialog (682)
[2020.03.05-13.44.48:872][741]LogModuleManager: Shutting down and abandoning module WidgetCarousel (681)
[2020.03.05-13.44.48:872][741]LogModuleManager: Shutting down and abandoning module EditorWidgets (678)
[2020.03.05-13.44.48:872][741]LogModuleManager: Shutting down and abandoning module CollectionManager (676)
[2020.03.05-13.44.48:872][741]LogModuleManager: Shutting down and abandoning module StatsViewer (674)
[2020.03.05-13.44.48:873][741]LogModuleManager: Shutting down and abandoning module VirtualTexturingEditor (672)
[2020.03.05-13.44.48:873][741]LogModuleManager: Shutting down and abandoning module FoliageEdit (670)
[2020.03.05-13.44.48:873][741]LogModuleManager: Shutting down and abandoning module LandscapeEditor (668)
[2020.03.05-13.44.48:873][741]LogModuleManager: Shutting down and abandoning module MeshPaintMode (666)
[2020.03.05-13.44.48:873][741]LogModuleManager: Shutting down and abandoning module SceneDepthPickerMode (664)
[2020.03.05-13.44.48:873][741]LogModuleManager: Shutting down and abandoning module ActorPickerMode (662)
[2020.03.05-13.44.48:873][741]LogModuleManager: Shutting down and abandoning module GeometryMode (660)
[2020.03.05-13.44.48:873][741]LogModuleManager: Shutting down and abandoning module TextureAlignMode (658)
[2020.03.05-13.44.48:873][741]LogModuleManager: Shutting down and abandoning module BspMode (656)
[2020.03.05-13.44.48:873][741]LogModuleManager: Shutting down and abandoning module PIEPreviewDeviceProfileSelector (654)
[2020.03.05-13.44.48:873][741]LogModuleManager: Shutting down and abandoning module SequenceRecorderSections (652)
[2020.03.05-13.44.48:873][741]LogModuleManager: Shutting down and abandoning module AutomationWorker (650)
[2020.03.05-13.44.48:873][741]LogModuleManager: Shutting down and abandoning module OculusMR (648)
[2020.03.05-13.44.48:873][741]LogModuleManager: Shutting down and abandoning module AudioCaptureEditor (646)
[2020.03.05-13.44.48:873][741]LogModuleManager: Shutting down and abandoning module MatineeToLevelSequence (644)
[2020.03.05-13.44.48:873][741]LogModuleManager: Shutting down and abandoning module LevelSequenceEditor (642)
[2020.03.05-13.44.48:873][741]LogModuleManager: Shutting down and abandoning module PlacementMode (641)
[2020.03.05-13.44.48:873][741]LogModuleManager: Shutting down and abandoning module MaterialEditor (640)
[2020.03.05-13.44.48:874][741]LogModuleManager: Shutting down and abandoning module ActorSequenceEditor (636)
[2020.03.05-13.44.48:874][741]LogModuleManager: Shutting down and abandoning module WmfMediaFactory (634)
[2020.03.05-13.44.48:874][741]LogModuleManager: Shutting down and abandoning module WmfMediaEditor (632)
[2020.03.05-13.44.48:874][741]LogModuleManager: Shutting down and abandoning module WebMMediaFactory (630)
[2020.03.05-13.44.48:874][741]LogModuleManager: Shutting down and abandoning module WebMMediaEditor (628)
[2020.03.05-13.44.48:874][741]LogModuleManager: Shutting down and abandoning module WebMMedia (626)
[2020.03.05-13.44.48:874][741]LogModuleManager: Shutting down and abandoning module MediaPlayerEditor (624)
[2020.03.05-13.44.48:874][741]LogModuleManager: Shutting down and abandoning module MediaIOEditor (622)
[2020.03.05-13.44.48:874][741]LogModuleManager: Shutting down and abandoning module MediaCompositingEditor (620)
[2020.03.05-13.44.48:874][741]LogModuleManager: Shutting down and abandoning module SequenceRecorder (619)
[2020.03.05-13.44.48:874][741]LogModuleManager: Shutting down and abandoning module OpenExrWrapper (616)
[2020.03.05-13.44.48:874][741]LogModuleManager: Shutting down and abandoning module ImgMediaFactory (614)
[2020.03.05-13.44.48:874][741]LogModuleManager: Shutting down and abandoning module ImgMediaEditor (612)
[2020.03.05-13.44.48:874][741]LogModuleManager: Shutting down and abandoning module AvfMediaFactory (610)
[2020.03.05-13.44.48:874][741]LogModuleManager: Shutting down and abandoning module AvfMediaEditor (608)
[2020.03.05-13.44.48:874][741]LogModuleManager: Shutting down and abandoning module AndroidMediaFactory (606)
[2020.03.05-13.44.48:874][741]LogModuleManager: Shutting down and abandoning module AndroidMediaEditor (604)
[2020.03.05-13.44.48:874][741]LogModuleManager: Shutting down and abandoning module MagicLeapCameraPreviewFactory (602)
[2020.03.05-13.44.48:874][741]LogModuleManager: Shutting down and abandoning module MagicLeapMediaCodecFactory (600)
[2020.03.05-13.44.48:874][741]LogModuleManager: Shutting down and abandoning module MagicLeapMediaFactory (598)
[2020.03.05-13.44.48:874][741]LogModuleManager: Shutting down and abandoning module MagicLeapMediaEditor (596)
[2020.03.05-13.44.48:874][741]LogModuleManager: Shutting down and abandoning module CharacterAI (594)
[2020.03.05-13.44.48:874][741]LogModuleManager: Shutting down and abandoning module ComposureLayersEditor (592)
[2020.03.05-13.44.48:909][741]LogModuleManager: Shutting down and abandoning module SmartSnapping (590)
[2020.03.05-13.44.48:909][741]LogModuleManager: Shutting down and abandoning module SessionServices (588)
[2020.03.05-13.44.48:909][741]LogModuleManager: Shutting down and abandoning module MeshPaint (586)
[2020.03.05-13.44.48:910][741]LogModuleManager: Shutting down and abandoning module ViewportSnapping (584)
[2020.03.05-13.44.48:910][741]LogModuleManager: Shutting down and abandoning module ViewportInteraction (582)
[2020.03.05-13.44.48:910][741]LogModuleManager: Shutting down and abandoning module ClothPainter (580)
[2020.03.05-13.44.48:910][741]LogModuleManager: Shutting down and abandoning module SkeletalMeshEditor (579)
[2020.03.05-13.44.48:910][741]LogModuleManager: Shutting down and abandoning module LogVisualizer (576)
[2020.03.05-13.44.48:910][741]LogModuleManager: Shutting down and abandoning module IntroTutorials (574)
[2020.03.05-13.44.48:911][741]LogModuleManager: Shutting down and abandoning module GameProjectGeneration (573)
[2020.03.05-13.44.48:911][741]LogModuleManager: Shutting down and abandoning module LuminPlatformEditor (570)
[2020.03.05-13.44.48:911][741]LogModuleManager: Shutting down and abandoning module IOSPlatformEditor (568)
[2020.03.05-13.44.48:911][741]LogModuleManager: Shutting down and abandoning module HTML5PlatformEditor (566)
[2020.03.05-13.44.48:911][741]LogModuleManager: Shutting down and abandoning module AndroidPlatformEditor (564)
[2020.03.05-13.44.48:911][741]LogModuleManager: Shutting down and abandoning module AndroidDeviceDetection (563)
[2020.03.05-13.44.49:365][741]LogModuleManager: Shutting down and abandoning module WindowsPlatformEditor (560)
[2020.03.05-13.44.49:365][741]LogModuleManager: Shutting down and abandoning module LuminRuntimeSettings (558)
[2020.03.05-13.44.49:365][741]LogModuleManager: Shutting down and abandoning module IOSRuntimeSettings (556)
[2020.03.05-13.44.49:365][741]LogModuleManager: Shutting down and abandoning module AndroidRuntimeSettings (554)
[2020.03.05-13.44.49:365][741]LogModuleManager: Shutting down and abandoning module TimeManagementEditor (552)
[2020.03.05-13.44.49:365][741]LogModuleManager: Shutting down and abandoning module InputBindingEditor (550)
[2020.03.05-13.44.49:365][741]LogModuleManager: Shutting down and abandoning module MergeActors (548)
[2020.03.05-13.44.49:365][741]LogModuleManager: Shutting down and abandoning module LocalizationDashboard (546)
[2020.03.05-13.44.49:366][741]LogModuleManager: Shutting down and abandoning module LocalizationService (545)
[2020.03.05-13.44.49:366][741]LogModuleManager: Shutting down and abandoning module HardwareTargeting (542)
[2020.03.05-13.44.49:366][741]LogModuleManager: Shutting down and abandoning module DeviceProfileEditor (540)
[2020.03.05-13.44.49:366][741]LogModuleManager: Shutting down and abandoning module UndoHistory (538)
[2020.03.05-13.44.49:366][741]LogModuleManager: Shutting down and abandoning module XmlParser (536)
[2020.03.05-13.44.49:366][741]LogModuleManager: Shutting down and abandoning module Blutility (534)
[2020.03.05-13.44.49:366][741]LogModuleManager: Shutting down and abandoning module ProjectSettingsViewer (532)
[2020.03.05-13.44.49:366][741]LogModuleManager: Shutting down and abandoning module ProjectTargetPlatformEditor (531)
[2020.03.05-13.44.49:366][741]LogModuleManager: Shutting down and abandoning module EditorSettingsViewer (528)
[2020.03.05-13.44.49:367][741]LogModuleManager: Shutting down and abandoning module SettingsEditor (526)
[2020.03.05-13.44.49:367][741]LogModuleManager: Shutting down and abandoning module ProjectLauncher (524)
[2020.03.05-13.44.49:367][741]LogModuleManager: Shutting down and abandoning module SessionFrontend (522)
[2020.03.05-13.44.49:367][741]LogModuleManager: Shutting down and abandoning module ProfilerClient (520)
[2020.03.05-13.44.49:367][741]LogModuleManager: Shutting down and abandoning module DeviceManager (518)
[2020.03.05-13.44.49:367][741]LogModuleManager: Shutting down and abandoning module TargetDeviceServices (517)
[2020.03.05-13.44.49:421][741]LogModuleManager: Shutting down and abandoning module AutomationController (514)
[2020.03.05-13.44.49:421][741]LogModuleManager: Shutting down and abandoning module AutomationWindow (512)
[2020.03.05-13.44.49:422][741]LogModuleManager: Shutting down and abandoning module Layers (510)
[2020.03.05-13.44.49:422][741]LogModuleManager: Shutting down and abandoning module ComponentVisualizers (508)
[2020.03.05-13.44.49:422][741]LogModuleManager: Shutting down and abandoning module DetailCustomizations (506)
[2020.03.05-13.44.49:422][741]LogModuleManager: Shutting down and abandoning module PackagesDialog (504)
[2020.03.05-13.44.49:422][741]LogModuleManager: Shutting down and abandoning module AnimationBlueprintEditor (502)
[2020.03.05-13.44.49:422][741]LogModuleManager: Shutting down and abandoning module Persona (500)
[2020.03.05-13.44.49:422][741]LogModuleManager: Shutting down and abandoning module AdvancedPreviewScene (499)
[2020.03.05-13.44.49:422][741]LogModuleManager: Shutting down and abandoning module AnimGraph (497)
[2020.03.05-13.44.49:422][741]LogModuleManager: Shutting down and abandoning module Kismet (494)
[2020.03.05-13.44.49:423][741]LogModuleManager: Shutting down and abandoning module KismetWidgets (493)
[2020.03.05-13.44.49:423][741]LogModuleManager: Shutting down and abandoning module GraphEditor (490)
[2020.03.05-13.44.49:423][741]LogModuleManager: Shutting down and abandoning module StructViewer (488)
[2020.03.05-13.44.49:423][741]LogModuleManager: Shutting down and abandoning module ClassViewer (486)
[2020.03.05-13.44.49:424][741]LogModuleManager: Shutting down and abandoning module Toolbox (484)
[2020.03.05-13.44.49:424][741]LogModuleManager: Shutting down and abandoning module ModuleUI (482)
[2020.03.05-13.44.49:424][741]LogModuleManager: Shutting down and abandoning module MovieSceneTools (480)
[2020.03.05-13.44.49:424][741]LogModuleManager: Shutting down and abandoning module OutputLog (478)
[2020.03.05-13.44.49:425][741]LogModuleManager: Shutting down and abandoning module GammaUI (476)
[2020.03.05-13.44.49:425][741]LogModuleManager: Shutting down and abandoning module Documentation (474)
[2020.03.05-13.44.49:425][741]LogModuleManager: Shutting down and abandoning module LiveCoding (472)
[2020.03.05-13.44.49:425][741]LogModuleManager: Shutting down and abandoning module LevelSequence (470)
[2020.03.05-13.44.49:425][741]LogModuleManager: Shutting down and abandoning module MovieSceneTracks (468)
[2020.03.05-13.44.49:425][741]LogModuleManager: Shutting down and abandoning module MovieScene (466)
[2020.03.05-13.44.49:425][741]LogModuleManager: Shutting down and abandoning module StreamingPauseRendering (464)
[2020.03.05-13.44.49:425][741]LogModuleManager: Shutting down and abandoning module LauncherPlatform (462)
[2020.03.05-13.44.49:425][741]LogModuleManager: Shutting down and abandoning module AnalyticsET (460)
[2020.03.05-13.44.49:425][741]LogModuleManager: Shutting down and abandoning module PortalServices (458)
[2020.03.05-13.44.49:425][741]LogModuleManager: Shutting down and abandoning module PortalRpc (456)
[2020.03.05-13.44.49:425][741]LogModuleManager: Shutting down and abandoning module MessagingRpc (454)
[2020.03.05-13.44.49:425][741]LogModuleManager: Shutting down and abandoning module AIModule (452)
[2020.03.05-13.44.49:426][741]LogModuleManager: Shutting down and abandoning module GameplayDebugger (451)
[2020.03.05-13.44.49:426][741]LogModuleManager: Shutting down and abandoning module AITestSuite (449)
[2020.03.05-13.44.49:426][741]LogModuleManager: Shutting down and abandoning module NavigationSystem (447)
[2020.03.05-13.44.49:426][741]LogModuleManager: Shutting down and abandoning module DesktopPlatform (444)
[2020.03.05-13.44.49:426][741]LogModuleManager: Shutting down and abandoning module ImageWriteQueue (442)
[2020.03.05-13.44.49:431][741]LogModuleManager: Shutting down and abandoning module ProfilerService (440)
[2020.03.05-13.44.49:665][741]LogModuleManager: Shutting down and abandoning module TaskGraph (438)
[2020.03.05-13.44.49:665][741]LogModuleManager: Shutting down and abandoning module ScreenshotTools (436)
[2020.03.05-13.44.49:665][741]LogModuleManager: Shutting down and abandoning module SteamVRController (434)
[2020.03.05-13.44.49:665][741]LogModuleManager: Shutting down and abandoning module ProceduralMeshComponentEditor (432)
[2020.03.05-13.44.49:665][741]LogModuleManager: Shutting down and abandoning module ProceduralMeshComponent (430)
[2020.03.05-13.44.49:665][741]LogModuleManager: Shutting down and abandoning module OculusEditor (428)
[2020.03.05-13.44.49:665][741]LogModuleManager: Shutting down and abandoning module OculusInput (426)
[2020.03.05-13.44.49:665][741]LogModuleManager: Shutting down and abandoning module MobilePatchingUtils (424)
[2020.03.05-13.44.49:665][741]LogModuleManager: Shutting down and abandoning module EditableMesh (422)
[2020.03.05-13.44.49:665][741]LogModuleManager: Shutting down and abandoning module CustomMeshComponent (420)
[2020.03.05-13.44.49:665][741]LogModuleManager: Shutting down and abandoning module CableComponent (418)
[2020.03.05-13.44.49:665][741]LogModuleManager: Shutting down and abandoning module AudioCapture (416)
[2020.03.05-13.44.49:665][741]LogModuleManager: Shutting down and abandoning module ArchVisCharacter (414)
[2020.03.05-13.44.49:665][741]LogModuleManager: Shutting down and abandoning module AppleImageUtilsBlueprintSupport (412)
[2020.03.05-13.44.49:665][741]LogModuleManager: Shutting down and abandoning module AppleImageUtils (410)
[2020.03.05-13.44.49:665][741]LogModuleManager: Shutting down and abandoning module AndroidPermission (408)
[2020.03.05-13.44.49:666][741]LogModuleManager: Shutting down and abandoning module NUTUnrealEngine4 (406)
[2020.03.05-13.44.49:666][741]LogModuleManager: Shutting down and abandoning module NetcodeUnitTest (404)
[2020.03.05-13.44.49:666][741]LogModuleManager: Shutting down and abandoning module MediaIOCore (402)
[2020.03.05-13.44.49:666][741]LogModuleManager: Shutting down and abandoning module MediaCompositing (400)
[2020.03.05-13.44.49:666][741]LogModuleManager: Shutting down and abandoning module ImgMedia (398)
[2020.03.05-13.44.49:666][741]LogModuleManager: Shutting down and abandoning module MagicLeapHelperVulkan (396)
[2020.03.05-13.44.49:666][741]LogModuleManager: Shutting down and abandoning module MagicLeapHelperOpenGL (394)
[2020.03.05-13.44.49:666][741]LogModuleManager: Shutting down and abandoning module MagicLeapAudio (392)
[2020.03.05-13.44.49:666][741]LogModuleManager: Shutting down and abandoning module HTML5Networking (390)
[2020.03.05-13.44.49:666][741]LogModuleManager: Shutting down and abandoning module GeometryCacheTracks (388)
[2020.03.05-13.44.49:666][741]LogModuleManager: Shutting down and abandoning module GeometryCacheSequencer (386)
[2020.03.05-13.44.49:666][741]LogModuleManager: Shutting down and abandoning module BackChannel (384)
[2020.03.05-13.44.49:666][741]LogModuleManager: Shutting down and abandoning module AutomationUtilsEditor (382)
[2020.03.05-13.44.49:666][741]LogModuleManager: Shutting down and abandoning module AutomationUtils (380)
[2020.03.05-13.44.49:666][741]LogModuleManager: Shutting down and abandoning module AlembicImporter (378)
[2020.03.05-13.44.49:666][741]LogModuleManager: Shutting down and abandoning module AlembicLibrary (377)
[2020.03.05-13.44.49:666][741]LogModuleManager: Shutting down and abandoning module GeometryCache (376)
[2020.03.05-13.44.49:666][741]LogModuleManager: Shutting down and abandoning module GeometryCacheEd (375)
[2020.03.05-13.44.49:666][741]LogModuleManager: Shutting down and abandoning module VariantManagerContent (370)
[2020.03.05-13.44.49:666][741]LogModuleManager: Shutting down and abandoning module DatasmithContentEditor (368)
[2020.03.05-13.44.49:666][741]LogModuleManager: Shutting down and abandoning module SpeedTreeImporter (366)
[2020.03.05-13.44.49:667][741]LogModuleManager: Shutting down and abandoning module PluginBrowser (364)
[2020.03.05-13.44.49:667][741]LogModuleManager: Shutting down and abandoning module MobileLauncherProfileWizard (362)
[2020.03.05-13.44.49:667][741]LogModuleManager: Shutting down and abandoning module MaterialAnalyzer (360)
[2020.03.05-13.44.49:667][741]LogModuleManager: Shutting down and abandoning module CurveEditorTools (358)
[2020.03.05-13.44.49:667][741]LogModuleManager: Shutting down and abandoning module CurveEditor (357)
[2020.03.05-13.44.49:667][741]LogModuleManager: Shutting down and abandoning module CryptoKeysOpenSSL (354)
[2020.03.05-13.44.49:667][741]LogModuleManager: Shutting down and abandoning module CryptoKeys (352)
[2020.03.05-13.44.49:667][741]LogModuleManager: Shutting down and abandoning module VisualStudioSourceCodeAccess (350)
[2020.03.05-13.44.49:667][741]LogModuleManager: Shutting down and abandoning module VisualStudioCodeSourceCodeAccess (348)
[2020.03.05-13.44.49:667][741]LogModuleManager: Shutting down and abandoning module UObjectPlugin (346)
[2020.03.05-13.44.49:667][741]LogModuleManager: Shutting down and abandoning module SubversionSourceControl (344)
[2020.03.05-13.44.49:667][741]LogModuleManager: Shutting down and abandoning module PerforceSourceControl (342)
[2020.03.05-13.44.49:667][741]LogModuleManager: Shutting down and abandoning module GitSourceControl (340)
[2020.03.05-13.44.49:667][741]LogModuleManager: Shutting down and abandoning module SourceControl (339)
[2020.03.05-13.44.49:667][741]LogModuleManager: Shutting down and abandoning module CLionSourceCodeAccess (336)
[2020.03.05-13.44.49:667][741]LogModuleManager: Shutting down and abandoning module AnimationSharingEd (334)
[2020.03.05-13.44.49:667][741]LogModuleManager: Shutting down and abandoning module ActorLayerUtilitiesEditor (332)
[2020.03.05-13.44.49:667][741]LogModuleManager: Shutting down and abandoning module ActorLayerUtilities (330)
[2020.03.05-13.44.49:667][741]LogModuleManager: Shutting down and abandoning module OpenColorIOEditor (328)
[2020.03.05-13.44.49:667][741]LogModuleManager: Shutting down and abandoning module ComposureEditor (326)
[2020.03.05-13.44.49:667][741]LogModuleManager: Shutting down and abandoning module Composure (324)
[2020.03.05-13.44.49:667][741]LogModuleManager: Shutting down and abandoning module LightPropagationVolumeEditor (322)
[2020.03.05-13.44.49:667][741]LogModuleManager: Shutting down and abandoning module PaperTiledImporter (320)
[2020.03.05-13.44.49:667][741]LogModuleManager: Shutting down and abandoning module PaperSpriteSheetImporter (318)
[2020.03.05-13.44.49:668][741]LogModuleManager: Shutting down and abandoning module Paper2DEditor (316)
[2020.03.05-13.44.49:668][741]LogModuleManager: Shutting down and abandoning module SignificanceManager (314)
[2020.03.05-13.44.49:668][741]LogModuleManager: Shutting down and abandoning module RuntimePhysXCooking (312)
[2020.03.05-13.44.49:668][741]LogModuleManager: Shutting down and abandoning module PhysXVehiclesEditor (310)
[2020.03.05-13.44.49:668][741]LogModuleManager: Shutting down and abandoning module LocationServicesBPLibrary (306)
[2020.03.05-13.44.49:668][741]LogModuleManager: Shutting down and abandoning module ActorSequence (304)
[2020.03.05-13.44.49:668][741]LogModuleManager: Shutting down and abandoning module UdpMessaging (302)
[2020.03.05-13.44.49:769][741]LogModuleManager: Shutting down and abandoning module TcpMessaging (300)
[2020.03.05-13.44.49:870][741]LogModuleManager: Shutting down and abandoning module MagicLeapIdentity (298)
[2020.03.05-13.44.49:870][741]LogModuleManager: Shutting down and abandoning module MagicLeapSecureStorage (296)
[2020.03.05-13.44.49:870][741]LogModuleManager: Shutting down and abandoning module MagicLeapHandTracking (294)
[2020.03.05-13.44.49:870][741]LogModuleManager: Shutting down and abandoning module MagicLeapEyeTracker (292)
[2020.03.05-13.44.49:870][741]LogModuleManager: Shutting down and abandoning module MagicLeapController (290)
[2020.03.05-13.44.49:871][741]LogSlate: Slate User Destroyed.  User Index 0, Is Virtual User: 0
[2020.03.05-13.44.49:871][741]LogModuleManager: Shutting down and abandoning module MagicLeapAR (288)
[2020.03.05-13.44.49:872][741]LogModuleManager: Shutting down and abandoning module AugmentedReality (287)
[2020.03.05-13.44.49:872][741]LogModuleManager: Shutting down and abandoning module GameplayTagsEditor (284)
[2020.03.05-13.44.49:872][741]LogModuleManager: Shutting down and abandoning module FacialAnimationEditor (282)
[2020.03.05-13.44.49:872][741]LogModuleManager: Shutting down and abandoning module FacialAnimation (280)
[2020.03.05-13.44.49:872][741]LogModuleManager: Shutting down and abandoning module DataValidation (278)
[2020.03.05-13.44.49:872][741]LogModuleManager: Shutting down and abandoning module AssetManagerEditor (276)
[2020.03.05-13.44.49:873][741]LogModuleManager: Shutting down and abandoning module LevelEditor (275)
[2020.03.05-13.44.49:879][741]LogModuleManager: Shutting down and abandoning module PixelInspectorModule (274)
[2020.03.05-13.44.49:879][741]LogModuleManager: Shutting down and abandoning module CommonMenuExtensions (272)
[2020.03.05-13.44.49:879][741]LogModuleManager: Shutting down and abandoning module MainFrame (270)
[2020.03.05-13.44.49:879][741]LogModuleManager: Shutting down and abandoning module HotReload (269)
[2020.03.05-13.44.49:880][741]LogModuleManager: Shutting down and abandoning module ContentBrowser (265)
[2020.03.05-13.44.49:883][741]LogModuleManager: Shutting down and abandoning module TreeMap (263)
[2020.03.05-13.44.49:883][741]LogModuleManager: Shutting down and abandoning module AnimationSharing (260)
[2020.03.05-13.44.49:883][741]LogModuleManager: Shutting down and abandoning module LightPropagationVolumeRuntime (258)
[2020.03.05-13.44.49:883][741]LogModuleManager: Shutting down and abandoning module Paper2D (256)
[2020.03.05-13.44.49:883][741]LogModuleManager: Shutting down and abandoning module WindowsMoviePlayer (254)
[2020.03.05-13.44.49:890][741]LogModuleManager: Shutting down and abandoning module WebMMoviePlayer (252)
[2020.03.05-13.44.49:890][741]LogModuleManager: Shutting down and abandoning module BlueprintMaterialTextureNodes (250)
[2020.03.05-13.44.49:890][741]LogModuleManager: Shutting down and abandoning module NetworkReplayStreaming (248)
[2020.03.05-13.44.49:890][741]LogModuleManager: Shutting down and abandoning module PacketHandler (246)
[2020.03.05-13.44.49:890][741]LogModuleManager: Shutting down and abandoning module ClothingSystemEditor (244)
[2020.03.05-13.44.49:890][741]LogModuleManager: Shutting down and abandoning module ClothingSystemRuntime (242)
[2020.03.05-13.44.49:890][741]LogModuleManager: Shutting down and abandoning module MediaAssets (240)
[2020.03.05-13.44.49:890][741]LogModuleManager: Shutting down and abandoning module Overlay (238)
[2020.03.05-13.44.49:890][741]LogModuleManager: Shutting down and abandoning module OverlayEditor (237)
[2020.03.05-13.44.49:890][741]LogModuleManager: Shutting down and abandoning module VREditor (234)
[2020.03.05-13.44.49:890][741]LogModuleManager: Shutting down and abandoning module StringTableEditor (232)
[2020.03.05-13.44.49:890][741]LogModuleManager: Shutting down and abandoning module GameplayTasksEditor (230)
[2020.03.05-13.44.49:890][741]LogModuleManager: Shutting down and abandoning module BehaviorTreeEditor (228)
[2020.03.05-13.44.49:890][741]LogModuleManager: Shutting down and abandoning module FunctionalTesting (226)
[2020.03.05-13.44.49:890][741]LogModuleManager: Shutting down and abandoning module CollisionAnalyzer (224)
[2020.03.05-13.44.49:891][741]LogModuleManager: Shutting down and abandoning module WorkspaceMenuStructure (223)
[2020.03.05-13.44.49:891][741]LogModuleManager: Shutting down and abandoning module UMG (220)
[2020.03.05-13.44.49:891][741]LogModuleManager: Shutting down and abandoning module UMGEditor (219)
[2020.03.05-13.44.49:891][741]LogModuleManager: Shutting down and abandoning module Sequencer (218)
[2020.03.05-13.44.49:891][741]LogModuleManager: Shutting down and abandoning module MessageLog (215)
[2020.03.05-13.44.49:891][741]LogModuleManager: Shutting down and abandoning module SlateReflector (210)
[2020.03.05-13.44.49:891][741]LogModuleManager: Shutting down and abandoning module Slate (208)
[2020.03.05-13.44.49:891][741]LogModuleManager: Shutting down and abandoning module LandscapeEditorUtilities (206)
[2020.03.05-13.44.49:891][741]LogModuleManager: Shutting down and abandoning module EditorStyle (204)
[2020.03.05-13.44.49:897][741]LogModuleManager: Shutting down and abandoning module UnrealEd (202)
[2020.03.05-13.44.49:897][741]LogModuleManager: Shutting down and abandoning module MRMesh (200)
[2020.03.05-13.44.49:897][741]LogModuleManager: Shutting down and abandoning module SourceCodeAccess (198)
[2020.03.05-13.44.49:897][741]LogModuleManager: Shutting down and abandoning module HeadMountedDisplay (196)
[2020.03.05-13.44.49:897][741]LogModuleManager: Shutting down and abandoning module XAudio2 (194)
[2020.03.05-13.44.49:897][741]LogModuleManager: Shutting down and abandoning module Networking (192)
[2020.03.05-13.44.49:897][741]LogModuleManager: Shutting down and abandoning module Core (190)
[2020.03.05-13.44.49:897][741]LogModuleManager: Shutting down and abandoning module KismetCompiler (188)
[2020.03.05-13.44.49:897][741]LogModuleManager: Shutting down and abandoning module MeshUtilities (186)
[2020.03.05-13.44.49:897][741]LogModuleManager: Shutting down and abandoning module MeshMergeUtilities (185)
[2020.03.05-13.44.49:897][741]LogModuleManager: Shutting down and abandoning module MeshReductionInterface (184)
[2020.03.05-13.44.49:897][741]LogModuleManager: Shutting down and abandoning module SkeletalMeshReduction (183)
[2020.03.05-13.44.49:897][741]LogModuleManager: Shutting down and abandoning module ProxyLODMeshReduction (181)
[2020.03.05-13.44.49:897][741]LogModuleManager: Shutting down and abandoning module QuadricMeshReduction (179)
[2020.03.05-13.44.49:897][741]LogModuleManager: Shutting down and abandoning module MaterialBaking (175)
[2020.03.05-13.44.49:897][741]LogModuleManager: Shutting down and abandoning module NullInstallBundleManager (170)
[2020.03.05-13.44.49:897][741]LogModuleManager: Shutting down and abandoning module DerivedDataCache (168)
[2020.03.05-13.44.49:897][741]LogDerivedDataCache: Shutdown
[2020.03.05-13.44.49:897][741]LogModuleManager: Shutting down and abandoning module XGEController (166)
[2020.03.05-13.44.49:897][741]LogModuleManager: Shutting down and abandoning module TargetPlatform (164)
[2020.03.05-13.44.49:897][741]LogModuleManager: Shutting down and abandoning module VulkanShaderFormat (163)
[2020.03.05-13.44.49:897][741]LogModuleManager: Shutting down and abandoning module ShaderFormatVectorVM (161)
[2020.03.05-13.44.49:897][741]LogModuleManager: Shutting down and abandoning module ShaderFormatOpenGL (159)
[2020.03.05-13.44.49:897][741]LogModuleManager: Shutting down and abandoning module ShaderFormatD3D (157)
[2020.03.05-13.44.49:898][741]LogModuleManager: Shutting down and abandoning module MetalShaderFormat (155)
[2020.03.05-13.44.49:898][741]LogModuleManager: Shutting down and abandoning module TextureFormatUncompressed (153)
[2020.03.05-13.44.49:898][741]LogModuleManager: Shutting down and abandoning module TextureFormatPVR (151)
[2020.03.05-13.44.49:898][741]LogModuleManager: Shutting down and abandoning module TextureFormatDXT (149)
[2020.03.05-13.44.49:898][741]LogModuleManager: Shutting down and abandoning module TextureFormatIntelISPCTexComp (147)
[2020.03.05-13.44.49:898][741]LogModuleManager: Shutting down and abandoning module TextureFormatASTC (145)
[2020.03.05-13.44.49:898][741]LogModuleManager: Shutting down and abandoning module ImageWrapper (144)
[2020.03.05-13.44.49:898][741]LogModuleManager: Shutting down and abandoning module TextureFormatAndroid (141)
[2020.03.05-13.44.49:898][741]LogModuleManager: Shutting down and abandoning module AudioFormatOpus (139)
[2020.03.05-13.44.49:898][741]LogModuleManager: Shutting down and abandoning module AudioFormatOgg (137)
[2020.03.05-13.44.49:898][741]LogModuleManager: Shutting down and abandoning module AudioFormatADPCM (135)
[2020.03.05-13.44.49:898][741]LogModuleManager: Shutting down and abandoning module LuminTargetPlatform (133)
[2020.03.05-13.44.49:911][741]LogModuleManager: Shutting down and abandoning module LinuxTargetPlatform (131)
[2020.03.05-13.44.49:911][741]LogModuleManager: Shutting down and abandoning module LinuxServerTargetPlatform (129)
[2020.03.05-13.44.49:911][741]LogModuleManager: Shutting down and abandoning module LinuxNoEditorTargetPlatform (127)
[2020.03.05-13.44.49:911][741]LogModuleManager: Shutting down and abandoning module LinuxClientTargetPlatform (125)
[2020.03.05-13.44.49:911][741]LogModuleManager: Shutting down and abandoning module TVOSTargetPlatform (123)
[2020.03.05-13.44.49:918][741]LogModuleManager: Shutting down and abandoning module Messaging (121)
[2020.03.05-13.44.49:918][741]LogModuleManager: Shutting down and abandoning module IOSTargetPlatform (119)
[2020.03.05-13.44.49:922][741]LogModuleManager: Shutting down and abandoning module HTML5TargetPlatform (117)
[2020.03.05-13.44.49:922][741]LogModuleManager: Shutting down and abandoning module AndroidTargetPlatform (115)
[2020.03.05-13.44.49:980][741]LogModuleManager: Shutting down and abandoning module WindowsTargetPlatform (113)
[2020.03.05-13.44.49:980][741]LogModuleManager: Shutting down and abandoning module WindowsServerTargetPlatform (111)
[2020.03.05-13.44.49:980][741]LogModuleManager: Shutting down and abandoning module WindowsNoEditorTargetPlatform (109)
[2020.03.05-13.44.49:980][741]LogModuleManager: Shutting down and abandoning module WindowsClientTargetPlatform (107)
[2020.03.05-13.44.49:980][741]LogModuleManager: Shutting down and abandoning module MacTargetPlatform (105)
[2020.03.05-13.44.49:980][741]LogModuleManager: Shutting down and abandoning module MacServerTargetPlatform (103)
[2020.03.05-13.44.49:980][741]LogModuleManager: Shutting down and abandoning module MacNoEditorTargetPlatform (101)
[2020.03.05-13.44.49:980][741]LogModuleManager: Shutting down and abandoning module MacClientTargetPlatform (99)
[2020.03.05-13.44.49:980][741]LogModuleManager: Shutting down and abandoning module AllDesktopTargetPlatform (97)
[2020.03.05-13.44.49:980][741]LogModuleManager: Shutting down and abandoning module InputCore (94)
[2020.03.05-13.44.49:980][741]LogModuleManager: Shutting down and abandoning module Settings (92)
[2020.03.05-13.44.49:980][741]LogModuleManager: Shutting down and abandoning module DirectoryWatcher (90)
[2020.03.05-13.44.49:981][741]LogModuleManager: Shutting down and abandoning module PhysXCooking (88)
[2020.03.05-13.44.49:981][741]LogModuleManager: Shutting down and abandoning module WindowsPlatformFeatures (86)
[2020.03.05-13.44.49:981][741]LogModuleManager: Shutting down and abandoning module GameplayMediaEncoder (85)
[2020.03.05-13.44.49:981][741]LogModuleManager: Shutting down and abandoning module SteamVR (82)
[2020.03.05-13.44.49:981][741]LogHMD: Freeing OpenVRDLLHandle.
[2020.03.05-13.44.49:981][741]LogModuleManager: Shutting down and abandoning module OculusHMD (80)
[2020.03.05-13.44.49:981][741]LogModuleManager: Shutting down and abandoning module ExampleDeviceProfileSelector (78)
[2020.03.05-13.44.49:981][741]LogModuleManager: Shutting down and abandoning module LauncherChunkInstaller (76)
[2020.03.05-13.44.49:981][741]LogModuleManager: Shutting down and abandoning module OnlineBlueprintSupport (74)
[2020.03.05-13.44.49:981][741]LogModuleManager: Shutting down and abandoning module OnlineSubsystem (70)
[2020.03.05-13.44.49:983][741]LogModuleManager: Shutting down and abandoning module XMPP (65)
[2020.03.05-13.44.49:983][741]LogModuleManager: Shutting down and abandoning module WebSockets (64)
[2020.03.05-13.44.49:989][741]LogModuleManager: Shutting down and abandoning module HTTP (61)
[2020.03.05-13.44.49:989][741]LogHttp: Display: Http module shutting down, but needs to wait on 1 outstanding Http requests:
[2020.03.05-13.44.49:989][741]LogHttp: Display: 	verb=[POST] url=[https://datarouter.ol.epicgames.com/datarouter/api/v1/public/data?SessionID=%7B90C45EAC-4253-ECB0-20F1-13955E70EAA8%7D&AppID=UEEditor.Rocket.Release&AppVersion=4.23.1-9631420%2B%2B%2BUE4%2BRelease-4.23&UserID=c2d852594ce6cd7708c2eeb68b401285%7Cbd41f592025d4be58f49254a4520742f%7Cd481955e-2a72-4d64-b73d-ac6549fce7e1&AppEnvironment=datacollector-binary&UploadType=eteventstream] status=Processing
[2020.03.05-13.44.50:018][741]LogModuleManager: Shutting down and abandoning module SSL (60)
[2020.03.05-13.44.50:022][741]LogModuleManager: Shutting down and abandoning module WmfMedia (56)
[2020.03.05-13.44.50:024][741]LogModuleManager: Shutting down and abandoning module Media (55)
[2020.03.05-13.44.50:026][741]LogModuleManager: Shutting down and abandoning module MagicLeap (52)
[2020.03.05-13.44.50:026][741]LogModuleManager: Shutting down and abandoning module DatasmithContent (50)
[2020.03.05-13.44.50:026][741]LogModuleManager: Shutting down and abandoning module OpenColorIO (48)
[2020.03.05-13.44.50:060][741]LogModuleManager: Shutting down and abandoning module LensDistortion (46)
[2020.03.05-13.44.50:060][741]LogModuleManager: Shutting down and abandoning module AISupportModule (44)
[2020.03.05-13.44.50:060][741]LogModuleManager: Shutting down and abandoning module PlatformCryptoOpenSSL (42)
[2020.03.05-13.44.50:060][741]LogModuleManager: Shutting down and abandoning module PlatformCrypto (40)
[2020.03.05-13.44.50:060][741]LogModuleManager: Shutting down and abandoning module AnimationModifiers (38)
[2020.03.05-13.44.50:060][741]LogModuleManager: Shutting down and abandoning module PropertyEditor (37)
[2020.03.05-13.44.50:060][741]LogModuleManager: Shutting down and abandoning module AudioEditor (34)
[2020.03.05-13.44.50:061][741]LogModuleManager: Shutting down and abandoning module TextureCompressor (32)
[2020.03.05-13.44.50:061][741]LogModuleManager: Shutting down and abandoning module RenderCore (30)
[2020.03.05-13.44.50:061][741]LogModuleManager: Shutting down and abandoning module Landscape (28)
[2020.03.05-13.44.50:061][741]LogModuleManager: Shutting down and abandoning module SlateRHIRenderer (26)
[2020.03.05-13.44.50:064][741]LogModuleManager: Shutting down and abandoning module OpenGLDrv (24)
[2020.03.05-13.44.50:064][741]LogModuleManager: Shutting down and abandoning module D3D11RHI (22)
[2020.03.05-13.44.50:064][741]LogModuleManager: Shutting down and abandoning module AnimGraphRuntime (20)
[2020.03.05-13.44.50:064][741]LogModuleManager: Shutting down and abandoning module Renderer (18)
[2020.03.05-13.44.50:064][741]LogModuleManager: Shutting down and abandoning module Engine (16)
[2020.03.05-13.44.50:064][741]LogModuleManager: Shutting down and abandoning module CoreUObject (14)
[2020.03.05-13.44.50:064][741]LogModuleManager: Shutting down and abandoning module NetworkFile (12)
[2020.03.05-13.44.50:064][741]LogModuleManager: Shutting down and abandoning module CookedIterativeFile (10)
[2020.03.05-13.44.50:064][741]LogModuleManager: Shutting down and abandoning module StreamingFile (8)
[2020.03.05-13.44.50:064][741]LogModuleManager: Shutting down and abandoning module SandboxFile (6)
[2020.03.05-13.44.50:064][741]LogModuleManager: Shutting down and abandoning module PakFile (4)
[2020.03.05-13.44.50:064][741]LogModuleManager: Shutting down and abandoning module RSA (3)
[2020.03.05-13.44.50:065][741]LogD3D11RHI: Shutdown
[2020.03.05-13.44.50:065][741]LogD3D11RHI: CleanupD3DDevice
[2020.03.05-13.44.50:066][741]LogRendererCore: FGlobalDynamicReadBuffer::Cleanup()
[2020.03.05-13.44.50:066][741]LogRendererCore: FGlobalDynamicReadBuffer::Cleanup()
[2020.03.05-13.44.50:066][741]LogRendererCore: FGlobalDynamicReadBuffer::Cleanup()
[2020.03.05-13.44.50:200][741]LogD3D11RHI: ~FD3D11DynamicRHI
[2020.03.05-13.44.50:206][741]LogExit: Exiting.
[2020.03.05-13.44.50:239][741]Log file closed, 03/05/20 14:44:50
